--------------- Clean Started: 10/11/2018 09:52:28 Project: QuadEncoderRTOS, Configuration: ARM GCC 5.4-2016-q2-update Debug ---------------
Deleting file ".\CortexM0\ARM_GCC_541\Debug\main.o"
Deleting file ".\CortexM0\ARM_GCC_541\Debug\INA219.o"
Deleting file ".\CortexM0\ARM_GCC_541\Debug\port.o"
Deleting file ".\CortexM0\ARM_GCC_541\Debug\heap_1.o"
Deleting file ".\CortexM0\ARM_GCC_541\Debug\stream_buffer.o"
Deleting file ".\CortexM0\ARM_GCC_541\Debug\tasks.o"
Deleting file ".\CortexM0\ARM_GCC_541\Debug\timers.o"
Deleting file ".\CortexM0\ARM_GCC_541\Debug\croutine.o"
Deleting file ".\CortexM0\ARM_GCC_541\Debug\event_groups.o"
Deleting file ".\CortexM0\ARM_GCC_541\Debug\list.o"
Deleting file ".\CortexM0\ARM_GCC_541\Debug\queue.o"
Deleting file ".\CortexM0\ARM_GCC_541\Debug\cyfitter_cfg.o"
Deleting file ".\CortexM0\ARM_GCC_541\Debug\cymetadata.o"
Deleting file ".\CortexM0\ARM_GCC_541\Debug\I2C.o"
Deleting file ".\CortexM0\ARM_GCC_541\Debug\I2C_I2C_INT.o"
Deleting file ".\CortexM0\ARM_GCC_541\Debug\I2C_I2C.o"
Deleting file ".\CortexM0\ARM_GCC_541\Debug\I2C_I2C_BOOT.o"
Deleting file ".\CortexM0\ARM_GCC_541\Debug\I2C_PM.o"
Deleting file ".\CortexM0\ARM_GCC_541\Debug\I2C_BOOT.o"
Deleting file ".\CortexM0\ARM_GCC_541\Debug\I2C_I2C_MASTER.o"
Deleting file ".\CortexM0\ARM_GCC_541\Debug\PWM_1.o"
Deleting file ".\CortexM0\ARM_GCC_541\Debug\PWM_1_PM.o"
Deleting file ".\CortexM0\ARM_GCC_541\Debug\I2C_SCBCLK.o"
Deleting file ".\CortexM0\ARM_GCC_541\Debug\I2C_sda.o"
Deleting file ".\CortexM0\ARM_GCC_541\Debug\I2C_sda_PM.o"
Deleting file ".\CortexM0\ARM_GCC_541\Debug\I2C_scl.o"
Deleting file ".\CortexM0\ARM_GCC_541\Debug\I2C_scl_PM.o"
Deleting file ".\CortexM0\ARM_GCC_541\Debug\I2C_SCB_IRQ.o"
Deleting file ".\CortexM0\ARM_GCC_541\Debug\Cm0Start.o"
Deleting file ".\CortexM0\ARM_GCC_541\Debug\CyFlash.o"
Deleting file ".\CortexM0\ARM_GCC_541\Debug\CyLib.o"
Deleting file ".\CortexM0\ARM_GCC_541\Debug\cyPm.o"
Deleting file ".\CortexM0\ARM_GCC_541\Debug\cyutils.o"
Deleting file ".\CortexM0\ARM_GCC_541\Debug\CyBootAsmGnu.o"
Deleting file ".\CortexM0\ARM_GCC_541\Debug\CyLFClk.o"
Deleting file ".\CortexM0\ARM_GCC_541\Debug\cy_em_eeprom.o"
Deleting file ".\CortexM0\ARM_GCC_541\Debug\INDEX_OUT.o"
Deleting file ".\CortexM0\ARM_GCC_541\Debug\INDEX_OUT_PM.o"
Deleting file ".\CortexM0\ARM_GCC_541\Debug\INDEX_IN.o"
Deleting file ".\CortexM0\ARM_GCC_541\Debug\INDEX_IN_PM.o"
Deleting file ".\CortexM0\ARM_GCC_541\Debug\HOME_OUT.o"
Deleting file ".\CortexM0\ARM_GCC_541\Debug\HOME_OUT_PM.o"
Deleting file ".\CortexM0\ARM_GCC_541\Debug\HOME_IN.o"
Deleting file ".\CortexM0\ARM_GCC_541\Debug\HOME_IN_PM.o"
Deleting file ".\CortexM0\ARM_GCC_541\Debug\SPI_1.o"
Deleting file ".\CortexM0\ARM_GCC_541\Debug\SPI_1_SPI_UART.o"
Deleting file ".\CortexM0\ARM_GCC_541\Debug\SPI_1_PM.o"
Deleting file ".\CortexM0\ARM_GCC_541\Debug\SPI_1_SPI.o"
Deleting file ".\CortexM0\ARM_GCC_541\Debug\SPI_1_BOOT.o"
Deleting file ".\CortexM0\ARM_GCC_541\Debug\SPI_1_SPI_BOOT.o"
Deleting file ".\CortexM0\ARM_GCC_541\Debug\SPI_1_SPI_UART_INT.o"
Deleting file ".\CortexM0\ARM_GCC_541\Debug\Clock_1.o"
Deleting file ".\CortexM0\ARM_GCC_541\Debug\phiB.o"
Deleting file ".\CortexM0\ARM_GCC_541\Debug\phiB_PM.o"
Deleting file ".\CortexM0\ARM_GCC_541\Debug\phiA.o"
Deleting file ".\CortexM0\ARM_GCC_541\Debug\phiA_PM.o"
Deleting file ".\CortexM0\ARM_GCC_541\Debug\Counter_1.o"
Deleting file ".\CortexM0\ARM_GCC_541\Debug\Counter_1_PM.o"
Deleting file ".\CortexM0\ARM_GCC_541\Debug\Reset_Encoder.o"
Deleting file ".\CortexM0\ARM_GCC_541\Debug\Reset_Encoder_PM.o"
Deleting file ".\CortexM0\ARM_GCC_541\Debug\Direction.o"
Deleting file ".\CortexM0\ARM_GCC_541\Debug\Direction_PM.o"
Deleting file ".\CortexM0\ARM_GCC_541\Debug\isr_rst_encoder.o"
Deleting file ".\CortexM0\ARM_GCC_541\Debug\isr_home.o"
Deleting file ".\CortexM0\ARM_GCC_541\Debug\PWM_OUT.o"
Deleting file ".\CortexM0\ARM_GCC_541\Debug\PWM_OUT_PM.o"
Deleting file ".\CortexM0\ARM_GCC_541\Debug\SPI_1_SCBCLK.o"
Deleting file ".\CortexM0\ARM_GCC_541\Debug\LED.o"
Deleting file ".\CortexM0\ARM_GCC_541\Debug\LED_PM.o"
Deleting file ".\CortexM0\ARM_GCC_541\Debug\SPI_1_SCB_IRQ.o"
Deleting file ".\CortexM0\ARM_GCC_541\Debug\isr_spi_ss.o"
Deleting file ".\CortexM0\ARM_GCC_541\Debug\spi_ss.o"
Deleting file ".\CortexM0\ARM_GCC_541\Debug\spi_ss_PM.o"
Deleting file ".\CortexM0\ARM_GCC_541\Debug\spi_mosi.o"
Deleting file ".\CortexM0\ARM_GCC_541\Debug\spi_mosi_PM.o"
Deleting file ".\CortexM0\ARM_GCC_541\Debug\spi_clk.o"
Deleting file ".\CortexM0\ARM_GCC_541\Debug\spi_clk_PM.o"
Deleting file ".\CortexM0\ARM_GCC_541\Debug\spi_miso.o"
Deleting file ".\CortexM0\ARM_GCC_541\Debug\spi_miso_PM.o"
Deleting file ".\CortexM0\ARM_GCC_541\Debug\PROBE.o"
Deleting file ".\CortexM0\ARM_GCC_541\Debug\PROBE_PM.o"
Deleting file ".\CortexM0\ARM_GCC_541\Debug\QuadEncoderRTOS.hex"
Deleting file ".\CortexM0\ARM_GCC_541\Debug\QuadEncoderRTOS.elf"
Deleting file ".\CortexM0\ARM_GCC_541\Debug\QuadEncoderRTOS.map"
Deleting file ".\QuadEncoderRTOS.cycdx"
Deleting file ".\QuadEncoderRTOS.svd"
Deleting file ".\QuadEncoderRTOS.rpt"
Deleting file ".\QuadEncoderRTOS_timing.html"
Deleting file ".\CortexM0\ARM_GCC_541\Debug\.deps\SOURCE_C__ARM_GCC_GENERIC.P"
Deleting file ".\CortexM0\ARM_GCC_541\Debug\.deps\SOURCE_ASM__ARM_GCC_GENERIC.P"
--------------- Clean Succeeded: 10/11/2018 09:52:28 ---------------
