--------------- Rebuild Started: 02/27/2023 15:32:57 Project: QuadEncoderRTOS, Configuration: ARM GCC 5.4-2016-q2-update Debug ---------------
Deleting file ".\CortexM0\ARM_GCC_541\Debug\main.o"
Deleting file ".\CortexM0\ARM_GCC_541\Debug\INA219.o"
Deleting file ".\CortexM0\ARM_GCC_541\Debug\pid.o"
Deleting file ".\CortexM0\ARM_GCC_541\Debug\cyfitter_cfg.o"
Deleting file ".\CortexM0\ARM_GCC_541\Debug\cymetadata.o"
Deleting file ".\CortexM0\ARM_GCC_541\Debug\I2C.o"
Deleting file ".\CortexM0\ARM_GCC_541\Debug\I2C_I2C_INT.o"
Deleting file ".\CortexM0\ARM_GCC_541\Debug\I2C_I2C.o"
Deleting file ".\CortexM0\ARM_GCC_541\Debug\I2C_I2C_BOOT.o"
Deleting file ".\CortexM0\ARM_GCC_541\Debug\I2C_PM.o"
Deleting file ".\CortexM0\ARM_GCC_541\Debug\I2C_BOOT.o"
Deleting file ".\CortexM0\ARM_GCC_541\Debug\I2C_I2C_MASTER.o"
Deleting file ".\CortexM0\ARM_GCC_541\Debug\PWM_1.o"
Deleting file ".\CortexM0\ARM_GCC_541\Debug\PWM_1_PM.o"
Deleting file ".\CortexM0\ARM_GCC_541\Debug\I2C_SCBCLK.o"
Deleting file ".\CortexM0\ARM_GCC_541\Debug\I2C_sda.o"
Deleting file ".\CortexM0\ARM_GCC_541\Debug\I2C_sda_PM.o"
Deleting file ".\CortexM0\ARM_GCC_541\Debug\I2C_scl.o"
Deleting file ".\CortexM0\ARM_GCC_541\Debug\I2C_scl_PM.o"
Deleting file ".\CortexM0\ARM_GCC_541\Debug\I2C_SCB_IRQ.o"
Deleting file ".\CortexM0\ARM_GCC_541\Debug\Cm0Start.o"
Deleting file ".\CortexM0\ARM_GCC_541\Debug\CyFlash.o"
Deleting file ".\CortexM0\ARM_GCC_541\Debug\CyLib.o"
Deleting file ".\CortexM0\ARM_GCC_541\Debug\cyPm.o"
Deleting file ".\CortexM0\ARM_GCC_541\Debug\cyutils.o"
Deleting file ".\CortexM0\ARM_GCC_541\Debug\CyBootAsmGnu.o"
Deleting file ".\CortexM0\ARM_GCC_541\Debug\CyLFClk.o"
Deleting file ".\CortexM0\ARM_GCC_541\Debug\cy_em_eeprom.o"
Deleting file ".\CortexM0\ARM_GCC_541\Debug\INDEX_OUT.o"
Deleting file ".\CortexM0\ARM_GCC_541\Debug\INDEX_OUT_PM.o"
Deleting file ".\CortexM0\ARM_GCC_541\Debug\INDEX_IN.o"
Deleting file ".\CortexM0\ARM_GCC_541\Debug\INDEX_IN_PM.o"
Deleting file ".\CortexM0\ARM_GCC_541\Debug\HOME_OUT.o"
Deleting file ".\CortexM0\ARM_GCC_541\Debug\HOME_OUT_PM.o"
Deleting file ".\CortexM0\ARM_GCC_541\Debug\HOME_IN.o"
Deleting file ".\CortexM0\ARM_GCC_541\Debug\HOME_IN_PM.o"
Deleting file ".\CortexM0\ARM_GCC_541\Debug\SPI_1.o"
Deleting file ".\CortexM0\ARM_GCC_541\Debug\SPI_1_SPI_UART.o"
Deleting file ".\CortexM0\ARM_GCC_541\Debug\SPI_1_PM.o"
Deleting file ".\CortexM0\ARM_GCC_541\Debug\SPI_1_SPI.o"
Deleting file ".\CortexM0\ARM_GCC_541\Debug\SPI_1_BOOT.o"
Deleting file ".\CortexM0\ARM_GCC_541\Debug\SPI_1_SPI_BOOT.o"
Deleting file ".\CortexM0\ARM_GCC_541\Debug\SPI_1_SPI_UART_INT.o"
Deleting file ".\CortexM0\ARM_GCC_541\Debug\Clock_1.o"
Deleting file ".\CortexM0\ARM_GCC_541\Debug\phiB.o"
Deleting file ".\CortexM0\ARM_GCC_541\Debug\phiB_PM.o"
Deleting file ".\CortexM0\ARM_GCC_541\Debug\phiA.o"
Deleting file ".\CortexM0\ARM_GCC_541\Debug\phiA_PM.o"
Deleting file ".\CortexM0\ARM_GCC_541\Debug\Counter_1.o"
Deleting file ".\CortexM0\ARM_GCC_541\Debug\Counter_1_PM.o"
Deleting file ".\CortexM0\ARM_GCC_541\Debug\Reset_Encoder.o"
Deleting file ".\CortexM0\ARM_GCC_541\Debug\Reset_Encoder_PM.o"
Deleting file ".\CortexM0\ARM_GCC_541\Debug\Direction.o"
Deleting file ".\CortexM0\ARM_GCC_541\Debug\Direction_PM.o"
Deleting file ".\CortexM0\ARM_GCC_541\Debug\isr_rst_encoder.o"
Deleting file ".\CortexM0\ARM_GCC_541\Debug\isr_home.o"
Deleting file ".\CortexM0\ARM_GCC_541\Debug\PWM_OUT.o"
Deleting file ".\CortexM0\ARM_GCC_541\Debug\PWM_OUT_PM.o"
Deleting file ".\CortexM0\ARM_GCC_541\Debug\SPI_1_SCBCLK.o"
Deleting file ".\CortexM0\ARM_GCC_541\Debug\LED.o"
Deleting file ".\CortexM0\ARM_GCC_541\Debug\LED_PM.o"
Deleting file ".\CortexM0\ARM_GCC_541\Debug\SPI_1_SCB_IRQ.o"
Deleting file ".\CortexM0\ARM_GCC_541\Debug\isr_spi_ss.o"
Deleting file ".\CortexM0\ARM_GCC_541\Debug\spi_ss.o"
Deleting file ".\CortexM0\ARM_GCC_541\Debug\spi_ss_PM.o"
Deleting file ".\CortexM0\ARM_GCC_541\Debug\spi_mosi.o"
Deleting file ".\CortexM0\ARM_GCC_541\Debug\spi_mosi_PM.o"
Deleting file ".\CortexM0\ARM_GCC_541\Debug\spi_clk.o"
Deleting file ".\CortexM0\ARM_GCC_541\Debug\spi_clk_PM.o"
Deleting file ".\CortexM0\ARM_GCC_541\Debug\spi_miso.o"
Deleting file ".\CortexM0\ARM_GCC_541\Debug\spi_miso_PM.o"
Deleting file ".\CortexM0\ARM_GCC_541\Debug\PROBE.o"
Deleting file ".\CortexM0\ARM_GCC_541\Debug\PROBE_PM.o"
Deleting file ".\CortexM0\ARM_GCC_541\Debug\Index_Counter_1.o"
Deleting file ".\CortexM0\ARM_GCC_541\Debug\Index_Counter_1_PM.o"
Deleting file ".\CortexM0\ARM_GCC_541\Debug\Timer_BRMS.o"
Deleting file ".\CortexM0\ARM_GCC_541\Debug\Timer_BRMS_PM.o"
Deleting file ".\CortexM0\ARM_GCC_541\Debug\isr_brms.o"
Deleting file ".\CortexM0\ARM_GCC_541\Debug\Clock_5kHz.o"
Deleting file ".\CortexM0\ARM_GCC_541\Debug\QuadEncoderRTOS.hex"
Deleting file ".\CortexM0\ARM_GCC_541\Debug\QuadEncoderRTOS.elf"
Deleting file ".\CortexM0\ARM_GCC_541\Debug\QuadEncoderRTOS.map"
Deleting file ".\QuadEncoderRTOS.cycdx"
Deleting file ".\QuadEncoderRTOS.svd"
Deleting file ".\QuadEncoderRTOS.rpt"
Deleting file ".\QuadEncoderRTOS_timing.html"
Deleting file ".\CortexM0\ARM_GCC_541\Debug\.deps\SOURCE_C__ARM_GCC_GENERIC.P"
Deleting file ".\CortexM0\ARM_GCC_541\Debug\.deps\SOURCE_ASM__ARM_GCC_GENERIC.P"
cydsfit.exe -.appdatapath "C:\Users\prichards\AppData\Local\Cypress Semiconductor\PSoC Creator\4.4" -.fdsnotice -.fdswarpdepfile=warp_dependencies.txt -.fdselabdepfile=elab_dependencies.txt -.fdsbldfile=generated_files.txt -.fdsreffile=referenced_files.txt -p C:\Users\prichards\proj\acsnb-motor-cypress\QuadEncoderRTOS.cydsn\QuadEncoderRTOS.cyprj -d CY8C4245AXI-473 -s C:\Users\prichards\proj\acsnb-motor-cypress\QuadEncoderRTOS.cydsn\Generated_Source\PSoC4 -- -yv2 -q10 -ygs -o2 -v3 -.fftcfgtype=LE
Elaborating Design...
HDL Generation...
Synthesis...
Tech Mapping...
Analog Placement...
Analog Routing...
Analog Code Generation...
Digital Placement...
Digital Routing...
Bitstream Generation...
Bitstream Verification...
Static timing analysis...
API Generation...
Dependency Generation...
Cleanup...
arm-none-eabi-gcc.exe -mcpu=cortex-m0 -mthumb -I.\FreeRTOS -I. -IGenerated_Source\PSoC4 -Wa,-alh=.\CortexM0\ARM_GCC_541\Debug/main.lst -g -D DEBUG -Wall -ffunction-sections -ffat-lto-objects -Og -c main.c -o .\CortexM0\ARM_GCC_541\Debug\main.o
arm-none-eabi-gcc.exe -mcpu=cortex-m0 -mthumb -I.\FreeRTOS -I. -IGenerated_Source\PSoC4 -Wa,-alh=.\CortexM0\ARM_GCC_541\Debug/INA219.lst -g -D DEBUG -Wall -ffunction-sections -ffat-lto-objects -Og -c INA219.c -o .\CortexM0\ARM_GCC_541\Debug\INA219.o
arm-none-eabi-gcc.exe -mcpu=cortex-m0 -mthumb -I.\FreeRTOS -I. -IGenerated_Source\PSoC4 -Wa,-alh=.\CortexM0\ARM_GCC_541\Debug/pid.lst -g -D DEBUG -Wall -ffunction-sections -ffat-lto-objects -Og -c pid.c -o .\CortexM0\ARM_GCC_541\Debug\pid.o
pid.c: In function 'PID_UpdateValues':
pid.c:20:23: warning: unused variable 'trap' [-Wunused-variable]
     volatile uint32_t trap = 0;
                       ^
arm-none-eabi-gcc.exe -mcpu=cortex-m0 -mthumb -I.\FreeRTOS -I. -IGenerated_Source\PSoC4 -Wa,-alh=.\CortexM0\ARM_GCC_541\Debug/cyfitter_cfg.lst -g -D DEBUG -Wall -ffunction-sections -ffat-lto-objects -Og -c Generated_Source\PSoC4\cyfitter_cfg.c -o .\CortexM0\ARM_GCC_541\Debug\cyfitter_cfg.o
arm-none-eabi-gcc.exe -mcpu=cortex-m0 -mthumb -I.\FreeRTOS -I. -IGenerated_Source\PSoC4 -Wa,-alh=.\CortexM0\ARM_GCC_541\Debug/cymetadata.lst -g -D DEBUG -Wall -ffunction-sections -ffat-lto-objects -Og -c Generated_Source\PSoC4\cymetadata.c -o .\CortexM0\ARM_GCC_541\Debug\cymetadata.o
arm-none-eabi-gcc.exe -mcpu=cortex-m0 -mthumb -I.\FreeRTOS -I. -IGenerated_Source\PSoC4 -Wa,-alh=.\CortexM0\ARM_GCC_541\Debug/I2C.lst -g -D DEBUG -Wall -ffunction-sections -ffat-lto-objects -Og -c Generated_Source\PSoC4\I2C.c -o .\CortexM0\ARM_GCC_541\Debug\I2C.o
arm-none-eabi-gcc.exe -mcpu=cortex-m0 -mthumb -I.\FreeRTOS -I. -IGenerated_Source\PSoC4 -Wa,-alh=.\CortexM0\ARM_GCC_541\Debug/I2C_I2C_INT.lst -g -D DEBUG -Wall -ffunction-sections -ffat-lto-objects -Og -c Generated_Source\PSoC4\I2C_I2C_INT.c -o .\CortexM0\ARM_GCC_541\Debug\I2C_I2C_INT.o
arm-none-eabi-gcc.exe -mcpu=cortex-m0 -mthumb -I.\FreeRTOS -I. -IGenerated_Source\PSoC4 -Wa,-alh=.\CortexM0\ARM_GCC_541\Debug/I2C_I2C.lst -g -D DEBUG -Wall -ffunction-sections -ffat-lto-objects -Og -c Generated_Source\PSoC4\I2C_I2C.c -o .\CortexM0\ARM_GCC_541\Debug\I2C_I2C.o
arm-none-eabi-gcc.exe -mcpu=cortex-m0 -mthumb -I.\FreeRTOS -I. -IGenerated_Source\PSoC4 -Wa,-alh=.\CortexM0\ARM_GCC_541\Debug/I2C_I2C_BOOT.lst -g -D DEBUG -Wall -ffunction-sections -ffat-lto-objects -Og -c Generated_Source\PSoC4\I2C_I2C_BOOT.c -o .\CortexM0\ARM_GCC_541\Debug\I2C_I2C_BOOT.o
arm-none-eabi-gcc.exe -mcpu=cortex-m0 -mthumb -I.\FreeRTOS -I. -IGenerated_Source\PSoC4 -Wa,-alh=.\CortexM0\ARM_GCC_541\Debug/I2C_PM.lst -g -D DEBUG -Wall -ffunction-sections -ffat-lto-objects -Og -c Generated_Source\PSoC4\I2C_PM.c -o .\CortexM0\ARM_GCC_541\Debug\I2C_PM.o
arm-none-eabi-gcc.exe -mcpu=cortex-m0 -mthumb -I.\FreeRTOS -I. -IGenerated_Source\PSoC4 -Wa,-alh=.\CortexM0\ARM_GCC_541\Debug/I2C_BOOT.lst -g -D DEBUG -Wall -ffunction-sections -ffat-lto-objects -Og -c Generated_Source\PSoC4\I2C_BOOT.c -o .\CortexM0\ARM_GCC_541\Debug\I2C_BOOT.o
arm-none-eabi-gcc.exe -mcpu=cortex-m0 -mthumb -I.\FreeRTOS -I. -IGenerated_Source\PSoC4 -Wa,-alh=.\CortexM0\ARM_GCC_541\Debug/I2C_I2C_MASTER.lst -g -D DEBUG -Wall -ffunction-sections -ffat-lto-objects -Og -c Generated_Source\PSoC4\I2C_I2C_MASTER.c -o .\CortexM0\ARM_GCC_541\Debug\I2C_I2C_MASTER.o
arm-none-eabi-gcc.exe -mcpu=cortex-m0 -mthumb -I.\FreeRTOS -I. -IGenerated_Source\PSoC4 -Wa,-alh=.\CortexM0\ARM_GCC_541\Debug/PWM_1.lst -g -D DEBUG -Wall -ffunction-sections -ffat-lto-objects -Og -c Generated_Source\PSoC4\PWM_1.c -o .\CortexM0\ARM_GCC_541\Debug\PWM_1.o
arm-none-eabi-gcc.exe -mcpu=cortex-m0 -mthumb -I.\FreeRTOS -I. -IGenerated_Source\PSoC4 -Wa,-alh=.\CortexM0\ARM_GCC_541\Debug/PWM_1_PM.lst -g -D DEBUG -Wall -ffunction-sections -ffat-lto-objects -Og -c Generated_Source\PSoC4\PWM_1_PM.c -o .\CortexM0\ARM_GCC_541\Debug\PWM_1_PM.o
arm-none-eabi-gcc.exe -mcpu=cortex-m0 -mthumb -I.\FreeRTOS -I. -IGenerated_Source\PSoC4 -Wa,-alh=.\CortexM0\ARM_GCC_541\Debug/I2C_SCBCLK.lst -g -D DEBUG -Wall -ffunction-sections -ffat-lto-objects -Og -c Generated_Source\PSoC4\I2C_SCBCLK.c -o .\CortexM0\ARM_GCC_541\Debug\I2C_SCBCLK.o
arm-none-eabi-gcc.exe -mcpu=cortex-m0 -mthumb -I.\FreeRTOS -I. -IGenerated_Source\PSoC4 -Wa,-alh=.\CortexM0\ARM_GCC_541\Debug/I2C_sda.lst -g -D DEBUG -Wall -ffunction-sections -ffat-lto-objects -Og -c Generated_Source\PSoC4\I2C_sda.c -o .\CortexM0\ARM_GCC_541\Debug\I2C_sda.o
arm-none-eabi-gcc.exe -mcpu=cortex-m0 -mthumb -I.\FreeRTOS -I. -IGenerated_Source\PSoC4 -Wa,-alh=.\CortexM0\ARM_GCC_541\Debug/I2C_sda_PM.lst -g -D DEBUG -Wall -ffunction-sections -ffat-lto-objects -Og -c Generated_Source\PSoC4\I2C_sda_PM.c -o .\CortexM0\ARM_GCC_541\Debug\I2C_sda_PM.o
arm-none-eabi-gcc.exe -mcpu=cortex-m0 -mthumb -I.\FreeRTOS -I. -IGenerated_Source\PSoC4 -Wa,-alh=.\CortexM0\ARM_GCC_541\Debug/I2C_scl.lst -g -D DEBUG -Wall -ffunction-sections -ffat-lto-objects -Og -c Generated_Source\PSoC4\I2C_scl.c -o .\CortexM0\ARM_GCC_541\Debug\I2C_scl.o
arm-none-eabi-gcc.exe -mcpu=cortex-m0 -mthumb -I.\FreeRTOS -I. -IGenerated_Source\PSoC4 -Wa,-alh=.\CortexM0\ARM_GCC_541\Debug/I2C_scl_PM.lst -g -D DEBUG -Wall -ffunction-sections -ffat-lto-objects -Og -c Generated_Source\PSoC4\I2C_scl_PM.c -o .\CortexM0\ARM_GCC_541\Debug\I2C_scl_PM.o
arm-none-eabi-gcc.exe -mcpu=cortex-m0 -mthumb -I.\FreeRTOS -I. -IGenerated_Source\PSoC4 -Wa,-alh=.\CortexM0\ARM_GCC_541\Debug/I2C_SCB_IRQ.lst -g -D DEBUG -Wall -ffunction-sections -ffat-lto-objects -Og -c Generated_Source\PSoC4\I2C_SCB_IRQ.c -o .\CortexM0\ARM_GCC_541\Debug\I2C_SCB_IRQ.o
arm-none-eabi-gcc.exe -mcpu=cortex-m0 -mthumb -I.\FreeRTOS -I. -IGenerated_Source\PSoC4 -Wa,-alh=.\CortexM0\ARM_GCC_541\Debug/Cm0Start.lst -g -D DEBUG -Wall -ffunction-sections -ffat-lto-objects -Og -c Generated_Source\PSoC4\Cm0Start.c -o .\CortexM0\ARM_GCC_541\Debug\Cm0Start.o
arm-none-eabi-gcc.exe -mcpu=cortex-m0 -mthumb -I.\FreeRTOS -I. -IGenerated_Source\PSoC4 -Wa,-alh=.\CortexM0\ARM_GCC_541\Debug/CyFlash.lst -g -D DEBUG -Wall -ffunction-sections -ffat-lto-objects -Og -c Generated_Source\PSoC4\CyFlash.c -o .\CortexM0\ARM_GCC_541\Debug\CyFlash.o
arm-none-eabi-gcc.exe -mcpu=cortex-m0 -mthumb -I.\FreeRTOS -I. -IGenerated_Source\PSoC4 -Wa,-alh=.\CortexM0\ARM_GCC_541\Debug/CyLib.lst -g -D DEBUG -Wall -ffunction-sections -ffat-lto-objects -Og -c Generated_Source\PSoC4\CyLib.c -o .\CortexM0\ARM_GCC_541\Debug\CyLib.o
arm-none-eabi-gcc.exe -mcpu=cortex-m0 -mthumb -I.\FreeRTOS -I. -IGenerated_Source\PSoC4 -Wa,-alh=.\CortexM0\ARM_GCC_541\Debug/cyPm.lst -g -D DEBUG -Wall -ffunction-sections -ffat-lto-objects -Og -c Generated_Source\PSoC4\cyPm.c -o .\CortexM0\ARM_GCC_541\Debug\cyPm.o
arm-none-eabi-gcc.exe -mcpu=cortex-m0 -mthumb -I.\FreeRTOS -I. -IGenerated_Source\PSoC4 -Wa,-alh=.\CortexM0\ARM_GCC_541\Debug/cyutils.lst -g -D DEBUG -Wall -ffunction-sections -ffat-lto-objects -Og -c Generated_Source\PSoC4\cyutils.c -o .\CortexM0\ARM_GCC_541\Debug\cyutils.o
arm-none-eabi-gcc.exe -mcpu=cortex-m0 -mthumb -I.\FreeRTOS -I. -IGenerated_Source\PSoC4 -Wa,-alh=.\CortexM0\ARM_GCC_541\Debug/CyLFClk.lst -g -D DEBUG -Wall -ffunction-sections -ffat-lto-objects -Og -c Generated_Source\PSoC4\CyLFClk.c -o .\CortexM0\ARM_GCC_541\Debug\CyLFClk.o
arm-none-eabi-gcc.exe -mcpu=cortex-m0 -mthumb -I.\FreeRTOS -I. -IGenerated_Source\PSoC4 -Wa,-alh=.\CortexM0\ARM_GCC_541\Debug/cy_em_eeprom.lst -g -D DEBUG -Wall -ffunction-sections -ffat-lto-objects -Og -c Generated_Source\PSoC4\cy_em_eeprom.c -o .\CortexM0\ARM_GCC_541\Debug\cy_em_eeprom.o
arm-none-eabi-gcc.exe -mcpu=cortex-m0 -mthumb -I.\FreeRTOS -I. -IGenerated_Source\PSoC4 -Wa,-alh=.\CortexM0\ARM_GCC_541\Debug/INDEX_OUT.lst -g -D DEBUG -Wall -ffunction-sections -ffat-lto-objects -Og -c Generated_Source\PSoC4\INDEX_OUT.c -o .\CortexM0\ARM_GCC_541\Debug\INDEX_OUT.o
arm-none-eabi-gcc.exe -mcpu=cortex-m0 -mthumb -I.\FreeRTOS -I. -IGenerated_Source\PSoC4 -Wa,-alh=.\CortexM0\ARM_GCC_541\Debug/INDEX_OUT_PM.lst -g -D DEBUG -Wall -ffunction-sections -ffat-lto-objects -Og -c Generated_Source\PSoC4\INDEX_OUT_PM.c -o .\CortexM0\ARM_GCC_541\Debug\INDEX_OUT_PM.o
arm-none-eabi-gcc.exe -mcpu=cortex-m0 -mthumb -I.\FreeRTOS -I. -IGenerated_Source\PSoC4 -Wa,-alh=.\CortexM0\ARM_GCC_541\Debug/INDEX_IN.lst -g -D DEBUG -Wall -ffunction-sections -ffat-lto-objects -Og -c Generated_Source\PSoC4\INDEX_IN.c -o .\CortexM0\ARM_GCC_541\Debug\INDEX_IN.o
arm-none-eabi-gcc.exe -mcpu=cortex-m0 -mthumb -I.\FreeRTOS -I. -IGenerated_Source\PSoC4 -Wa,-alh=.\CortexM0\ARM_GCC_541\Debug/INDEX_IN_PM.lst -g -D DEBUG -Wall -ffunction-sections -ffat-lto-objects -Og -c Generated_Source\PSoC4\INDEX_IN_PM.c -o .\CortexM0\ARM_GCC_541\Debug\INDEX_IN_PM.o
arm-none-eabi-gcc.exe -mcpu=cortex-m0 -mthumb -I.\FreeRTOS -I. -IGenerated_Source\PSoC4 -Wa,-alh=.\CortexM0\ARM_GCC_541\Debug/HOME_OUT.lst -g -D DEBUG -Wall -ffunction-sections -ffat-lto-objects -Og -c Generated_Source\PSoC4\HOME_OUT.c -o .\CortexM0\ARM_GCC_541\Debug\HOME_OUT.o
arm-none-eabi-gcc.exe -mcpu=cortex-m0 -mthumb -I.\FreeRTOS -I. -IGenerated_Source\PSoC4 -Wa,-alh=.\CortexM0\ARM_GCC_541\Debug/HOME_OUT_PM.lst -g -D DEBUG -Wall -ffunction-sections -ffat-lto-objects -Og -c Generated_Source\PSoC4\HOME_OUT_PM.c -o .\CortexM0\ARM_GCC_541\Debug\HOME_OUT_PM.o
arm-none-eabi-gcc.exe -mcpu=cortex-m0 -mthumb -I.\FreeRTOS -I. -IGenerated_Source\PSoC4 -Wa,-alh=.\CortexM0\ARM_GCC_541\Debug/HOME_IN.lst -g -D DEBUG -Wall -ffunction-sections -ffat-lto-objects -Og -c Generated_Source\PSoC4\HOME_IN.c -o .\CortexM0\ARM_GCC_541\Debug\HOME_IN.o
arm-none-eabi-gcc.exe -mcpu=cortex-m0 -mthumb -I.\FreeRTOS -I. -IGenerated_Source\PSoC4 -Wa,-alh=.\CortexM0\ARM_GCC_541\Debug/HOME_IN_PM.lst -g -D DEBUG -Wall -ffunction-sections -ffat-lto-objects -Og -c Generated_Source\PSoC4\HOME_IN_PM.c -o .\CortexM0\ARM_GCC_541\Debug\HOME_IN_PM.o
arm-none-eabi-gcc.exe -mcpu=cortex-m0 -mthumb -I.\FreeRTOS -I. -IGenerated_Source\PSoC4 -Wa,-alh=.\CortexM0\ARM_GCC_541\Debug/SPI_1.lst -g -D DEBUG -Wall -ffunction-sections -ffat-lto-objects -Og -c Generated_Source\PSoC4\SPI_1.c -o .\CortexM0\ARM_GCC_541\Debug\SPI_1.o
arm-none-eabi-gcc.exe -mcpu=cortex-m0 -mthumb -I.\FreeRTOS -I. -IGenerated_Source\PSoC4 -Wa,-alh=.\CortexM0\ARM_GCC_541\Debug/SPI_1_SPI_UART.lst -g -D DEBUG -Wall -ffunction-sections -ffat-lto-objects -Og -c Generated_Source\PSoC4\SPI_1_SPI_UART.c -o .\CortexM0\ARM_GCC_541\Debug\SPI_1_SPI_UART.o
arm-none-eabi-gcc.exe -mcpu=cortex-m0 -mthumb -I.\FreeRTOS -I. -IGenerated_Source\PSoC4 -Wa,-alh=.\CortexM0\ARM_GCC_541\Debug/SPI_1_PM.lst -g -D DEBUG -Wall -ffunction-sections -ffat-lto-objects -Og -c Generated_Source\PSoC4\SPI_1_PM.c -o .\CortexM0\ARM_GCC_541\Debug\SPI_1_PM.o
arm-none-eabi-gcc.exe -mcpu=cortex-m0 -mthumb -I.\FreeRTOS -I. -IGenerated_Source\PSoC4 -Wa,-alh=.\CortexM0\ARM_GCC_541\Debug/SPI_1_SPI.lst -g -D DEBUG -Wall -ffunction-sections -ffat-lto-objects -Og -c Generated_Source\PSoC4\SPI_1_SPI.c -o .\CortexM0\ARM_GCC_541\Debug\SPI_1_SPI.o
arm-none-eabi-gcc.exe -mcpu=cortex-m0 -mthumb -I.\FreeRTOS -I. -IGenerated_Source\PSoC4 -Wa,-alh=.\CortexM0\ARM_GCC_541\Debug/SPI_1_BOOT.lst -g -D DEBUG -Wall -ffunction-sections -ffat-lto-objects -Og -c Generated_Source\PSoC4\SPI_1_BOOT.c -o .\CortexM0\ARM_GCC_541\Debug\SPI_1_BOOT.o
arm-none-eabi-gcc.exe -mcpu=cortex-m0 -mthumb -I.\FreeRTOS -I. -IGenerated_Source\PSoC4 -Wa,-alh=.\CortexM0\ARM_GCC_541\Debug/SPI_1_SPI_BOOT.lst -g -D DEBUG -Wall -ffunction-sections -ffat-lto-objects -Og -c Generated_Source\PSoC4\SPI_1_SPI_BOOT.c -o .\CortexM0\ARM_GCC_541\Debug\SPI_1_SPI_BOOT.o
arm-none-eabi-gcc.exe -mcpu=cortex-m0 -mthumb -I.\FreeRTOS -I. -IGenerated_Source\PSoC4 -Wa,-alh=.\CortexM0\ARM_GCC_541\Debug/SPI_1_SPI_UART_INT.lst -g -D DEBUG -Wall -ffunction-sections -ffat-lto-objects -Og -c Generated_Source\PSoC4\SPI_1_SPI_UART_INT.c -o .\CortexM0\ARM_GCC_541\Debug\SPI_1_SPI_UART_INT.o
arm-none-eabi-gcc.exe -mcpu=cortex-m0 -mthumb -I.\FreeRTOS -I. -IGenerated_Source\PSoC4 -Wa,-alh=.\CortexM0\ARM_GCC_541\Debug/Clock_1.lst -g -D DEBUG -Wall -ffunction-sections -ffat-lto-objects -Og -c Generated_Source\PSoC4\Clock_1.c -o .\CortexM0\ARM_GCC_541\Debug\Clock_1.o
arm-none-eabi-gcc.exe -mcpu=cortex-m0 -mthumb -I.\FreeRTOS -I. -IGenerated_Source\PSoC4 -Wa,-alh=.\CortexM0\ARM_GCC_541\Debug/phiB.lst -g -D DEBUG -Wall -ffunction-sections -ffat-lto-objects -Og -c Generated_Source\PSoC4\phiB.c -o .\CortexM0\ARM_GCC_541\Debug\phiB.o
arm-none-eabi-gcc.exe -mcpu=cortex-m0 -mthumb -I.\FreeRTOS -I. -IGenerated_Source\PSoC4 -Wa,-alh=.\CortexM0\ARM_GCC_541\Debug/phiB_PM.lst -g -D DEBUG -Wall -ffunction-sections -ffat-lto-objects -Og -c Generated_Source\PSoC4\phiB_PM.c -o .\CortexM0\ARM_GCC_541\Debug\phiB_PM.o
arm-none-eabi-gcc.exe -mcpu=cortex-m0 -mthumb -I.\FreeRTOS -I. -IGenerated_Source\PSoC4 -Wa,-alh=.\CortexM0\ARM_GCC_541\Debug/phiA.lst -g -D DEBUG -Wall -ffunction-sections -ffat-lto-objects -Og -c Generated_Source\PSoC4\phiA.c -o .\CortexM0\ARM_GCC_541\Debug\phiA.o
arm-none-eabi-gcc.exe -mcpu=cortex-m0 -mthumb -I.\FreeRTOS -I. -IGenerated_Source\PSoC4 -Wa,-alh=.\CortexM0\ARM_GCC_541\Debug/phiA_PM.lst -g -D DEBUG -Wall -ffunction-sections -ffat-lto-objects -Og -c Generated_Source\PSoC4\phiA_PM.c -o .\CortexM0\ARM_GCC_541\Debug\phiA_PM.o
arm-none-eabi-gcc.exe -mcpu=cortex-m0 -mthumb -I.\FreeRTOS -I. -IGenerated_Source\PSoC4 -Wa,-alh=.\CortexM0\ARM_GCC_541\Debug/Counter_1.lst -g -D DEBUG -Wall -ffunction-sections -ffat-lto-objects -Og -c Generated_Source\PSoC4\Counter_1.c -o .\CortexM0\ARM_GCC_541\Debug\Counter_1.o
arm-none-eabi-gcc.exe -mcpu=cortex-m0 -mthumb -I.\FreeRTOS -I. -IGenerated_Source\PSoC4 -Wa,-alh=.\CortexM0\ARM_GCC_541\Debug/Counter_1_PM.lst -g -D DEBUG -Wall -ffunction-sections -ffat-lto-objects -Og -c Generated_Source\PSoC4\Counter_1_PM.c -o .\CortexM0\ARM_GCC_541\Debug\Counter_1_PM.o
arm-none-eabi-gcc.exe -mcpu=cortex-m0 -mthumb -I.\FreeRTOS -I. -IGenerated_Source\PSoC4 -Wa,-alh=.\CortexM0\ARM_GCC_541\Debug/Reset_Encoder.lst -g -D DEBUG -Wall -ffunction-sections -ffat-lto-objects -Og -c Generated_Source\PSoC4\Reset_Encoder.c -o .\CortexM0\ARM_GCC_541\Debug\Reset_Encoder.o
arm-none-eabi-gcc.exe -mcpu=cortex-m0 -mthumb -I.\FreeRTOS -I. -IGenerated_Source\PSoC4 -Wa,-alh=.\CortexM0\ARM_GCC_541\Debug/Reset_Encoder_PM.lst -g -D DEBUG -Wall -ffunction-sections -ffat-lto-objects -Og -c Generated_Source\PSoC4\Reset_Encoder_PM.c -o .\CortexM0\ARM_GCC_541\Debug\Reset_Encoder_PM.o
arm-none-eabi-gcc.exe -mcpu=cortex-m0 -mthumb -I.\FreeRTOS -I. -IGenerated_Source\PSoC4 -Wa,-alh=.\CortexM0\ARM_GCC_541\Debug/Direction.lst -g -D DEBUG -Wall -ffunction-sections -ffat-lto-objects -Og -c Generated_Source\PSoC4\Direction.c -o .\CortexM0\ARM_GCC_541\Debug\Direction.o
arm-none-eabi-gcc.exe -mcpu=cortex-m0 -mthumb -I.\FreeRTOS -I. -IGenerated_Source\PSoC4 -Wa,-alh=.\CortexM0\ARM_GCC_541\Debug/Direction_PM.lst -g -D DEBUG -Wall -ffunction-sections -ffat-lto-objects -Og -c Generated_Source\PSoC4\Direction_PM.c -o .\CortexM0\ARM_GCC_541\Debug\Direction_PM.o
arm-none-eabi-gcc.exe -mcpu=cortex-m0 -mthumb -I.\FreeRTOS -I. -IGenerated_Source\PSoC4 -Wa,-alh=.\CortexM0\ARM_GCC_541\Debug/isr_rst_encoder.lst -g -D DEBUG -Wall -ffunction-sections -ffat-lto-objects -Og -c Generated_Source\PSoC4\isr_rst_encoder.c -o .\CortexM0\ARM_GCC_541\Debug\isr_rst_encoder.o
arm-none-eabi-gcc.exe -mcpu=cortex-m0 -mthumb -I.\FreeRTOS -I. -IGenerated_Source\PSoC4 -Wa,-alh=.\CortexM0\ARM_GCC_541\Debug/isr_home.lst -g -D DEBUG -Wall -ffunction-sections -ffat-lto-objects -Og -c Generated_Source\PSoC4\isr_home.c -o .\CortexM0\ARM_GCC_541\Debug\isr_home.o
arm-none-eabi-gcc.exe -mcpu=cortex-m0 -mthumb -I.\FreeRTOS -I. -IGenerated_Source\PSoC4 -Wa,-alh=.\CortexM0\ARM_GCC_541\Debug/PWM_OUT.lst -g -D DEBUG -Wall -ffunction-sections -ffat-lto-objects -Og -c Generated_Source\PSoC4\PWM_OUT.c -o .\CortexM0\ARM_GCC_541\Debug\PWM_OUT.o
arm-none-eabi-gcc.exe -mcpu=cortex-m0 -mthumb -I.\FreeRTOS -I. -IGenerated_Source\PSoC4 -Wa,-alh=.\CortexM0\ARM_GCC_541\Debug/PWM_OUT_PM.lst -g -D DEBUG -Wall -ffunction-sections -ffat-lto-objects -Og -c Generated_Source\PSoC4\PWM_OUT_PM.c -o .\CortexM0\ARM_GCC_541\Debug\PWM_OUT_PM.o
arm-none-eabi-gcc.exe -mcpu=cortex-m0 -mthumb -I.\FreeRTOS -I. -IGenerated_Source\PSoC4 -Wa,-alh=.\CortexM0\ARM_GCC_541\Debug/SPI_1_SCBCLK.lst -g -D DEBUG -Wall -ffunction-sections -ffat-lto-objects -Og -c Generated_Source\PSoC4\SPI_1_SCBCLK.c -o .\CortexM0\ARM_GCC_541\Debug\SPI_1_SCBCLK.o
arm-none-eabi-gcc.exe -mcpu=cortex-m0 -mthumb -I.\FreeRTOS -I. -IGenerated_Source\PSoC4 -Wa,-alh=.\CortexM0\ARM_GCC_541\Debug/LED.lst -g -D DEBUG -Wall -ffunction-sections -ffat-lto-objects -Og -c Generated_Source\PSoC4\LED.c -o .\CortexM0\ARM_GCC_541\Debug\LED.o
arm-none-eabi-gcc.exe -mcpu=cortex-m0 -mthumb -I.\FreeRTOS -I. -IGenerated_Source\PSoC4 -Wa,-alh=.\CortexM0\ARM_GCC_541\Debug/LED_PM.lst -g -D DEBUG -Wall -ffunction-sections -ffat-lto-objects -Og -c Generated_Source\PSoC4\LED_PM.c -o .\CortexM0\ARM_GCC_541\Debug\LED_PM.o
arm-none-eabi-gcc.exe -mcpu=cortex-m0 -mthumb -I.\FreeRTOS -I. -IGenerated_Source\PSoC4 -Wa,-alh=.\CortexM0\ARM_GCC_541\Debug/SPI_1_SCB_IRQ.lst -g -D DEBUG -Wall -ffunction-sections -ffat-lto-objects -Og -c Generated_Source\PSoC4\SPI_1_SCB_IRQ.c -o .\CortexM0\ARM_GCC_541\Debug\SPI_1_SCB_IRQ.o
arm-none-eabi-gcc.exe -mcpu=cortex-m0 -mthumb -I.\FreeRTOS -I. -IGenerated_Source\PSoC4 -Wa,-alh=.\CortexM0\ARM_GCC_541\Debug/isr_spi_ss.lst -g -D DEBUG -Wall -ffunction-sections -ffat-lto-objects -Og -c Generated_Source\PSoC4\isr_spi_ss.c -o .\CortexM0\ARM_GCC_541\Debug\isr_spi_ss.o
arm-none-eabi-gcc.exe -mcpu=cortex-m0 -mthumb -I.\FreeRTOS -I. -IGenerated_Source\PSoC4 -Wa,-alh=.\CortexM0\ARM_GCC_541\Debug/spi_ss.lst -g -D DEBUG -Wall -ffunction-sections -ffat-lto-objects -Og -c Generated_Source\PSoC4\spi_ss.c -o .\CortexM0\ARM_GCC_541\Debug\spi_ss.o
arm-none-eabi-gcc.exe -mcpu=cortex-m0 -mthumb -I.\FreeRTOS -I. -IGenerated_Source\PSoC4 -Wa,-alh=.\CortexM0\ARM_GCC_541\Debug/spi_ss_PM.lst -g -D DEBUG -Wall -ffunction-sections -ffat-lto-objects -Og -c Generated_Source\PSoC4\spi_ss_PM.c -o .\CortexM0\ARM_GCC_541\Debug\spi_ss_PM.o
arm-none-eabi-gcc.exe -mcpu=cortex-m0 -mthumb -I.\FreeRTOS -I. -IGenerated_Source\PSoC4 -Wa,-alh=.\CortexM0\ARM_GCC_541\Debug/spi_mosi.lst -g -D DEBUG -Wall -ffunction-sections -ffat-lto-objects -Og -c Generated_Source\PSoC4\spi_mosi.c -o .\CortexM0\ARM_GCC_541\Debug\spi_mosi.o
arm-none-eabi-gcc.exe -mcpu=cortex-m0 -mthumb -I.\FreeRTOS -I. -IGenerated_Source\PSoC4 -Wa,-alh=.\CortexM0\ARM_GCC_541\Debug/spi_mosi_PM.lst -g -D DEBUG -Wall -ffunction-sections -ffat-lto-objects -Og -c Generated_Source\PSoC4\spi_mosi_PM.c -o .\CortexM0\ARM_GCC_541\Debug\spi_mosi_PM.o
arm-none-eabi-gcc.exe -mcpu=cortex-m0 -mthumb -I.\FreeRTOS -I. -IGenerated_Source\PSoC4 -Wa,-alh=.\CortexM0\ARM_GCC_541\Debug/spi_clk.lst -g -D DEBUG -Wall -ffunction-sections -ffat-lto-objects -Og -c Generated_Source\PSoC4\spi_clk.c -o .\CortexM0\ARM_GCC_541\Debug\spi_clk.o
arm-none-eabi-gcc.exe -mcpu=cortex-m0 -mthumb -I.\FreeRTOS -I. -IGenerated_Source\PSoC4 -Wa,-alh=.\CortexM0\ARM_GCC_541\Debug/spi_clk_PM.lst -g -D DEBUG -Wall -ffunction-sections -ffat-lto-objects -Og -c Generated_Source\PSoC4\spi_clk_PM.c -o .\CortexM0\ARM_GCC_541\Debug\spi_clk_PM.o
arm-none-eabi-gcc.exe -mcpu=cortex-m0 -mthumb -I.\FreeRTOS -I. -IGenerated_Source\PSoC4 -Wa,-alh=.\CortexM0\ARM_GCC_541\Debug/spi_miso.lst -g -D DEBUG -Wall -ffunction-sections -ffat-lto-objects -Og -c Generated_Source\PSoC4\spi_miso.c -o .\CortexM0\ARM_GCC_541\Debug\spi_miso.o
arm-none-eabi-gcc.exe -mcpu=cortex-m0 -mthumb -I.\FreeRTOS -I. -IGenerated_Source\PSoC4 -Wa,-alh=.\CortexM0\ARM_GCC_541\Debug/spi_miso_PM.lst -g -D DEBUG -Wall -ffunction-sections -ffat-lto-objects -Og -c Generated_Source\PSoC4\spi_miso_PM.c -o .\CortexM0\ARM_GCC_541\Debug\spi_miso_PM.o
arm-none-eabi-gcc.exe -mcpu=cortex-m0 -mthumb -I.\FreeRTOS -I. -IGenerated_Source\PSoC4 -Wa,-alh=.\CortexM0\ARM_GCC_541\Debug/PROBE.lst -g -D DEBUG -Wall -ffunction-sections -ffat-lto-objects -Og -c Generated_Source\PSoC4\PROBE.c -o .\CortexM0\ARM_GCC_541\Debug\PROBE.o
arm-none-eabi-gcc.exe -mcpu=cortex-m0 -mthumb -I.\FreeRTOS -I. -IGenerated_Source\PSoC4 -Wa,-alh=.\CortexM0\ARM_GCC_541\Debug/PROBE_PM.lst -g -D DEBUG -Wall -ffunction-sections -ffat-lto-objects -Og -c Generated_Source\PSoC4\PROBE_PM.c -o .\CortexM0\ARM_GCC_541\Debug\PROBE_PM.o
arm-none-eabi-gcc.exe -mcpu=cortex-m0 -mthumb -I.\FreeRTOS -I. -IGenerated_Source\PSoC4 -Wa,-alh=.\CortexM0\ARM_GCC_541\Debug/Index_Counter_1.lst -g -D DEBUG -Wall -ffunction-sections -ffat-lto-objects -Og -c Generated_Source\PSoC4\Index_Counter_1.c -o .\CortexM0\ARM_GCC_541\Debug\Index_Counter_1.o
arm-none-eabi-gcc.exe -mcpu=cortex-m0 -mthumb -I.\FreeRTOS -I. -IGenerated_Source\PSoC4 -Wa,-alh=.\CortexM0\ARM_GCC_541\Debug/Index_Counter_1_PM.lst -g -D DEBUG -Wall -ffunction-sections -ffat-lto-objects -Og -c Generated_Source\PSoC4\Index_Counter_1_PM.c -o .\CortexM0\ARM_GCC_541\Debug\Index_Counter_1_PM.o
arm-none-eabi-gcc.exe -mcpu=cortex-m0 -mthumb -I.\FreeRTOS -I. -IGenerated_Source\PSoC4 -Wa,-alh=.\CortexM0\ARM_GCC_541\Debug/Timer_BRMS.lst -g -D DEBUG -Wall -ffunction-sections -ffat-lto-objects -Og -c Generated_Source\PSoC4\Timer_BRMS.c -o .\CortexM0\ARM_GCC_541\Debug\Timer_BRMS.o
arm-none-eabi-gcc.exe -mcpu=cortex-m0 -mthumb -I.\FreeRTOS -I. -IGenerated_Source\PSoC4 -Wa,-alh=.\CortexM0\ARM_GCC_541\Debug/Timer_BRMS_PM.lst -g -D DEBUG -Wall -ffunction-sections -ffat-lto-objects -Og -c Generated_Source\PSoC4\Timer_BRMS_PM.c -o .\CortexM0\ARM_GCC_541\Debug\Timer_BRMS_PM.o
arm-none-eabi-gcc.exe -mcpu=cortex-m0 -mthumb -I.\FreeRTOS -I. -IGenerated_Source\PSoC4 -Wa,-alh=.\CortexM0\ARM_GCC_541\Debug/isr_brms.lst -g -D DEBUG -Wall -ffunction-sections -ffat-lto-objects -Og -c Generated_Source\PSoC4\isr_brms.c -o .\CortexM0\ARM_GCC_541\Debug\isr_brms.o
arm-none-eabi-gcc.exe -mcpu=cortex-m0 -mthumb -I.\FreeRTOS -I. -IGenerated_Source\PSoC4 -Wa,-alh=.\CortexM0\ARM_GCC_541\Debug/Clock_5kHz.lst -g -D DEBUG -Wall -ffunction-sections -ffat-lto-objects -Og -c Generated_Source\PSoC4\Clock_5kHz.c -o .\CortexM0\ARM_GCC_541\Debug\Clock_5kHz.o
arm-none-eabi-as.exe -mcpu=cortex-m0 -mthumb -I. -IGenerated_Source\PSoC4 -alh=.\CortexM0\ARM_GCC_541\Debug/CyBootAsmGnu.lst -g -W -o .\CortexM0\ARM_GCC_541\Debug\CyBootAsmGnu.o Generated_Source\PSoC4\CyBootAsmGnu.s
arm-none-eabi-ar.exe -rs .\CortexM0\ARM_GCC_541\Debug\QuadEncoderRTOS.a .\CortexM0\ARM_GCC_541\Debug\I2C.o .\CortexM0\ARM_GCC_541\Debug\I2C_I2C_INT.o .\CortexM0\ARM_GCC_541\Debug\I2C_I2C.o .\CortexM0\ARM_GCC_541\Debug\I2C_I2C_BOOT.o .\CortexM0\ARM_GCC_541\Debug\I2C_PM.o .\CortexM0\ARM_GCC_541\Debug\I2C_BOOT.o .\CortexM0\ARM_GCC_541\Debug\I2C_I2C_MASTER.o .\CortexM0\ARM_GCC_541\Debug\PWM_1.o .\CortexM0\ARM_GCC_541\Debug\PWM_1_PM.o .\CortexM0\ARM_GCC_541\Debug\I2C_SCBCLK.o .\CortexM0\ARM_GCC_541\Debug\I2C_sda.o .\CortexM0\ARM_GCC_541\Debug\I2C_sda_PM.o .\CortexM0\ARM_GCC_541\Debug\I2C_scl.o .\CortexM0\ARM_GCC_541\Debug\I2C_scl_PM.o .\CortexM0\ARM_GCC_541\Debug\I2C_SCB_IRQ.o .\CortexM0\ARM_GCC_541\Debug\CyFlash.o .\CortexM0\ARM_GCC_541\Debug\CyLib.o .\CortexM0\ARM_GCC_541\Debug\cyPm.o .\CortexM0\ARM_GCC_541\Debug\cyutils.o .\CortexM0\ARM_GCC_541\Debug\CyLFClk.o .\CortexM0\ARM_GCC_541\Debug\cy_em_eeprom.o .\CortexM0\ARM_GCC_541\Debug\INDEX_OUT.o .\CortexM0\ARM_GCC_541\Debug\INDEX_OUT_PM.o .\CortexM0\ARM_GCC_541\Debug\INDEX_IN.o .\CortexM0\ARM_GCC_541\Debug\INDEX_IN_PM.o .\CortexM0\ARM_GCC_541\Debug\HOME_OUT.o .\CortexM0\ARM_GCC_541\Debug\HOME_OUT_PM.o .\CortexM0\ARM_GCC_541\Debug\HOME_IN.o .\CortexM0\ARM_GCC_541\Debug\HOME_IN_PM.o .\CortexM0\ARM_GCC_541\Debug\SPI_1.o .\CortexM0\ARM_GCC_541\Debug\SPI_1_SPI_UART.o .\CortexM0\ARM_GCC_541\Debug\SPI_1_PM.o .\CortexM0\ARM_GCC_541\Debug\SPI_1_SPI.o .\CortexM0\ARM_GCC_541\Debug\SPI_1_BOOT.o .\CortexM0\ARM_GCC_541\Debug\SPI_1_SPI_BOOT.o .\CortexM0\ARM_GCC_541\Debug\SPI_1_SPI_UART_INT.o .\CortexM0\ARM_GCC_541\Debug\Clock_1.o .\CortexM0\ARM_GCC_541\Debug\phiB.o .\CortexM0\ARM_GCC_541\Debug\phiB_PM.o .\CortexM0\ARM_GCC_541\Debug\phiA.o .\CortexM0\ARM_GCC_541\Debug\phiA_PM.o .\CortexM0\ARM_GCC_541\Debug\Counter_1.o .\CortexM0\ARM_GCC_541\Debug\Counter_1_PM.o .\CortexM0\ARM_GCC_541\Debug\Reset_Encoder.o .\CortexM0\ARM_GCC_541\Debug\Reset_Encoder_PM.o .\CortexM0\ARM_GCC_541\Debug\Direction.o .\CortexM0\ARM_GCC_541\Debug\Direction_PM.o .\CortexM0\ARM_GCC_541\Debug\isr_rst_encoder.o .\CortexM0\ARM_GCC_541\Debug\isr_home.o .\CortexM0\ARM_GCC_541\Debug\PWM_OUT.o .\CortexM0\ARM_GCC_541\Debug\PWM_OUT_PM.o .\CortexM0\ARM_GCC_541\Debug\SPI_1_SCBCLK.o .\CortexM0\ARM_GCC_541\Debug\LED.o .\CortexM0\ARM_GCC_541\Debug\LED_PM.o .\CortexM0\ARM_GCC_541\Debug\SPI_1_SCB_IRQ.o .\CortexM0\ARM_GCC_541\Debug\isr_spi_ss.o .\CortexM0\ARM_GCC_541\Debug\spi_ss.o .\CortexM0\ARM_GCC_541\Debug\spi_ss_PM.o .\CortexM0\ARM_GCC_541\Debug\spi_mosi.o .\CortexM0\ARM_GCC_541\Debug\spi_mosi_PM.o .\CortexM0\ARM_GCC_541\Debug\spi_clk.o .\CortexM0\ARM_GCC_541\Debug\spi_clk_PM.o .\CortexM0\ARM_GCC_541\Debug\spi_miso.o .\CortexM0\ARM_GCC_541\Debug\spi_miso_PM.o .\CortexM0\ARM_GCC_541\Debug\PROBE.o .\CortexM0\ARM_GCC_541\Debug\PROBE_PM.o .\CortexM0\ARM_GCC_541\Debug\Index_Counter_1.o .\CortexM0\ARM_GCC_541\Debug\Index_Counter_1_PM.o .\CortexM0\ARM_GCC_541\Debug\Timer_BRMS.o .\CortexM0\ARM_GCC_541\Debug\Timer_BRMS_PM.o .\CortexM0\ARM_GCC_541\Debug\isr_brms.o .\CortexM0\ARM_GCC_541\Debug\Clock_5kHz.o .\CortexM0\ARM_GCC_541\Debug\CyBootAsmGnu.o
arm-none-eabi-ar.exe: creating .\CortexM0\ARM_GCC_541\Debug\QuadEncoderRTOS.a
arm-none-eabi-gcc.exe -Wl,--start-group -o C:\Users\prichards\proj\acsnb-motor-cypress\QuadEncoderRTOS.cydsn\CortexM0\ARM_GCC_541\Debug\QuadEncoderRTOS.elf .\CortexM0\ARM_GCC_541\Debug\main.o .\CortexM0\ARM_GCC_541\Debug\INA219.o .\CortexM0\ARM_GCC_541\Debug\pid.o .\CortexM0\ARM_GCC_541\Debug\cyfitter_cfg.o .\CortexM0\ARM_GCC_541\Debug\cymetadata.o .\CortexM0\ARM_GCC_541\Debug\Cm0Start.o .\CortexM0\ARM_GCC_541\Debug\QuadEncoderRTOS.a -mcpu=cortex-m0 -mthumb -L Generated_Source\PSoC4 -Wl,-Map,.\CortexM0\ARM_GCC_541\Debug/QuadEncoderRTOS.map -T Generated_Source\PSoC4\cm0gcc.ld -specs=nano.specs -Wl,--gc-sections -g -ffunction-sections -Og -ffat-lto-objects -Wl,--end-group
cyelftool.exe -C C:\Users\prichards\proj\acsnb-motor-cypress\QuadEncoderRTOS.cydsn\CortexM0\ARM_GCC_541\Debug\QuadEncoderRTOS.elf --flash_row_size 128 --flash_size 32768 --flash_offset 0x00000000
No ELF section .cychecksum found, creating one
Application checksum calculated and stored in ELF section .cychecksum
Checksum calculated and stored in ELF section .cymeta
cyelftool.exe -S C:\Users\prichards\proj\acsnb-motor-cypress\QuadEncoderRTOS.cydsn\CortexM0\ARM_GCC_541\Debug\QuadEncoderRTOS.elf
Flash used: 8752 of 32768 bytes (26.7%).
SRAM used: 1392 of 4096 bytes (34.0%). Stack: 512 bytes. Heap: 128 bytes.
--------------- Rebuild Succeeded: 02/27/2023 15:33:31 ---------------
