ARM GAS  C:\Users\PRICHA~1\AppData\Local\Temp\ccAKdrxe.s 			page 1


   1              		.syntax unified
   2              		.cpu cortex-m0
   3              		.fpu softvfp
   4              		.eabi_attribute 20, 1
   5              		.eabi_attribute 21, 1
   6              		.eabi_attribute 23, 3
   7              		.eabi_attribute 24, 1
   8              		.eabi_attribute 25, 1
   9              		.eabi_attribute 26, 1
  10              		.eabi_attribute 30, 1
  11              		.eabi_attribute 34, 0
  12              		.eabi_attribute 18, 4
  13              		.thumb
  14              		.syntax unified
  15              		.file	"croutine.c"
  16              		.text
  17              	.Ltext0:
  18              		.cfi_sections	.debug_frame
  19              	.Letext0:
  20              		.section	.debug_info,"",%progbits
  21              	.Ldebug_info0:
  22 0000 83000000 		.4byte	0x83
  23 0004 0400     		.2byte	0x4
  24 0006 00000000 		.4byte	.Ldebug_abbrev0
  25 000a 04       		.byte	0x4
  26 000b 01       		.uleb128 0x1
  27 000c 99000000 		.4byte	.LASF14
  28 0010 0C       		.byte	0xc
  29 0011 62010000 		.4byte	.LASF15
  30 0015 60000000 		.4byte	.LASF16
  31 0019 00000000 		.4byte	.Ldebug_line0
  32 001d 02       		.uleb128 0x2
  33 001e 04       		.byte	0x4
  34 001f 05       		.byte	0x5
  35 0020 696E7400 		.ascii	"int\000"
  36 0024 03       		.uleb128 0x3
  37 0025 04       		.byte	0x4
  38 0026 07       		.byte	0x7
  39 0027 0E000000 		.4byte	.LASF0
  40 002b 03       		.uleb128 0x3
  41 002c 08       		.byte	0x8
  42 002d 05       		.byte	0x5
  43 002e 00000000 		.4byte	.LASF1
  44 0032 03       		.uleb128 0x3
  45 0033 08       		.byte	0x8
  46 0034 04       		.byte	0x4
  47 0035 46010000 		.4byte	.LASF2
  48 0039 03       		.uleb128 0x3
  49 003a 01       		.byte	0x1
  50 003b 06       		.byte	0x6
  51 003c 3A010000 		.4byte	.LASF3
  52 0040 03       		.uleb128 0x3
  53 0041 01       		.byte	0x1
  54 0042 08       		.byte	0x8
  55 0043 44000000 		.4byte	.LASF4
  56 0047 03       		.uleb128 0x3
  57 0048 02       		.byte	0x2
ARM GAS  C:\Users\PRICHA~1\AppData\Local\Temp\ccAKdrxe.s 			page 2


  58 0049 05       		.byte	0x5
  59 004a 58010000 		.4byte	.LASF5
  60 004e 03       		.uleb128 0x3
  61 004f 02       		.byte	0x2
  62 0050 07       		.byte	0x7
  63 0051 27010000 		.4byte	.LASF6
  64 0055 03       		.uleb128 0x3
  65 0056 04       		.byte	0x4
  66 0057 05       		.byte	0x5
  67 0058 57000000 		.4byte	.LASF7
  68 005c 03       		.uleb128 0x3
  69 005d 04       		.byte	0x4
  70 005e 07       		.byte	0x7
  71 005f 1B000000 		.4byte	.LASF8
  72 0063 03       		.uleb128 0x3
  73 0064 08       		.byte	0x8
  74 0065 07       		.byte	0x7
  75 0066 2D000000 		.4byte	.LASF9
  76 006a 03       		.uleb128 0x3
  77 006b 04       		.byte	0x4
  78 006c 04       		.byte	0x4
  79 006d 52010000 		.4byte	.LASF10
  80 0071 03       		.uleb128 0x3
  81 0072 08       		.byte	0x8
  82 0073 04       		.byte	0x4
  83 0074 92000000 		.4byte	.LASF11
  84 0078 03       		.uleb128 0x3
  85 0079 01       		.byte	0x1
  86 007a 08       		.byte	0x8
  87 007b 52000000 		.4byte	.LASF12
  88 007f 03       		.uleb128 0x3
  89 0080 04       		.byte	0x4
  90 0081 07       		.byte	0x7
  91 0082 7D010000 		.4byte	.LASF13
  92 0086 00       		.byte	0
  93              		.section	.debug_abbrev,"",%progbits
  94              	.Ldebug_abbrev0:
  95 0000 01       		.uleb128 0x1
  96 0001 11       		.uleb128 0x11
  97 0002 01       		.byte	0x1
  98 0003 25       		.uleb128 0x25
  99 0004 0E       		.uleb128 0xe
 100 0005 13       		.uleb128 0x13
 101 0006 0B       		.uleb128 0xb
 102 0007 03       		.uleb128 0x3
 103 0008 0E       		.uleb128 0xe
 104 0009 1B       		.uleb128 0x1b
 105 000a 0E       		.uleb128 0xe
 106 000b 10       		.uleb128 0x10
 107 000c 17       		.uleb128 0x17
 108 000d 00       		.byte	0
 109 000e 00       		.byte	0
 110 000f 02       		.uleb128 0x2
 111 0010 24       		.uleb128 0x24
 112 0011 00       		.byte	0
 113 0012 0B       		.uleb128 0xb
 114 0013 0B       		.uleb128 0xb
ARM GAS  C:\Users\PRICHA~1\AppData\Local\Temp\ccAKdrxe.s 			page 3


 115 0014 3E       		.uleb128 0x3e
 116 0015 0B       		.uleb128 0xb
 117 0016 03       		.uleb128 0x3
 118 0017 08       		.uleb128 0x8
 119 0018 00       		.byte	0
 120 0019 00       		.byte	0
 121 001a 03       		.uleb128 0x3
 122 001b 24       		.uleb128 0x24
 123 001c 00       		.byte	0
 124 001d 0B       		.uleb128 0xb
 125 001e 0B       		.uleb128 0xb
 126 001f 3E       		.uleb128 0x3e
 127 0020 0B       		.uleb128 0xb
 128 0021 03       		.uleb128 0x3
 129 0022 0E       		.uleb128 0xe
 130 0023 00       		.byte	0
 131 0024 00       		.byte	0
 132 0025 00       		.byte	0
 133              		.section	.debug_aranges,"",%progbits
 134 0000 14000000 		.4byte	0x14
 135 0004 0200     		.2byte	0x2
 136 0006 00000000 		.4byte	.Ldebug_info0
 137 000a 04       		.byte	0x4
 138 000b 00       		.byte	0
 139 000c 0000     		.2byte	0
 140 000e 0000     		.2byte	0
 141 0010 00000000 		.4byte	0
 142 0014 00000000 		.4byte	0
 143              		.section	.debug_line,"",%progbits
 144              	.Ldebug_line0:
 145 0000 19000000 		.section	.debug_str,"MS",%progbits,1
 145      02001300 
 145      00000201 
 145      FB0E0D00 
 145      01010101 
 146              	.LASF1:
 147 0000 6C6F6E67 		.ascii	"long long int\000"
 147      206C6F6E 
 147      6720696E 
 147      7400
 148              	.LASF0:
 149 000e 756E7369 		.ascii	"unsigned int\000"
 149      676E6564 
 149      20696E74 
 149      00
 150              	.LASF8:
 151 001b 6C6F6E67 		.ascii	"long unsigned int\000"
 151      20756E73 
 151      69676E65 
 151      6420696E 
 151      7400
 152              	.LASF9:
 153 002d 6C6F6E67 		.ascii	"long long unsigned int\000"
 153      206C6F6E 
 153      6720756E 
 153      7369676E 
 153      65642069 
ARM GAS  C:\Users\PRICHA~1\AppData\Local\Temp\ccAKdrxe.s 			page 4


 154              	.LASF4:
 155 0044 756E7369 		.ascii	"unsigned char\000"
 155      676E6564 
 155      20636861 
 155      7200
 156              	.LASF12:
 157 0052 63686172 		.ascii	"char\000"
 157      00
 158              	.LASF7:
 159 0057 6C6F6E67 		.ascii	"long int\000"
 159      20696E74 
 159      00
 160              	.LASF16:
 161 0060 433A5C70 		.ascii	"C:\\proj\\acsnb-motor-cypress\\QuadEncoderRTOS.cyds"
 161      726F6A5C 
 161      6163736E 
 161      622D6D6F 
 161      746F722D 
 162 0090 6E00     		.ascii	"n\000"
 163              	.LASF11:
 164 0092 646F7562 		.ascii	"double\000"
 164      6C6500
 165              	.LASF14:
 166 0099 474E5520 		.ascii	"GNU C11 5.4.1 20160609 (release) [ARM/embedded-5-br"
 166      43313120 
 166      352E342E 
 166      31203230 
 166      31363036 
 167 00cc 616E6368 		.ascii	"anch revision 237715] -mcpu=cortex-m0 -mthumb -g -O"
 167      20726576 
 167      6973696F 
 167      6E203233 
 167      37373135 
 168 00ff 67202D66 		.ascii	"g -ffunction-sections -ffat-lto-objects\000"
 168      66756E63 
 168      74696F6E 
 168      2D736563 
 168      74696F6E 
 169              	.LASF6:
 170 0127 73686F72 		.ascii	"short unsigned int\000"
 170      7420756E 
 170      7369676E 
 170      65642069 
 170      6E7400
 171              	.LASF3:
 172 013a 7369676E 		.ascii	"signed char\000"
 172      65642063 
 172      68617200 
 173              	.LASF2:
 174 0146 6C6F6E67 		.ascii	"long double\000"
 174      20646F75 
 174      626C6500 
 175              	.LASF10:
 176 0152 666C6F61 		.ascii	"float\000"
 176      7400
 177              	.LASF5:
 178 0158 73686F72 		.ascii	"short int\000"
ARM GAS  C:\Users\PRICHA~1\AppData\Local\Temp\ccAKdrxe.s 			page 5


 178      7420696E 
 178      7400
 179              	.LASF15:
 180 0162 46726565 		.ascii	"FreeRTOS\\source\\croutine.c\000"
 180      52544F53 
 180      5C736F75 
 180      7263655C 
 180      63726F75 
 181              	.LASF13:
 182 017d 73697A65 		.ascii	"sizetype\000"
 182      74797065 
 182      00
 183              		.ident	"GCC: (GNU Tools for ARM Embedded Processors) 5.4.1 20160609 (release) [ARM/embedded-5-bran
