ARM GAS  C:\Users\PRICHA~1\AppData\Local\Temp\cc2obTlA.s 			page 1


   1              		.syntax unified
   2              		.cpu cortex-m0
   3              		.fpu softvfp
   4              		.eabi_attribute 20, 1
   5              		.eabi_attribute 21, 1
   6              		.eabi_attribute 23, 3
   7              		.eabi_attribute 24, 1
   8              		.eabi_attribute 25, 1
   9              		.eabi_attribute 26, 1
  10              		.eabi_attribute 30, 1
  11              		.eabi_attribute 34, 0
  12              		.eabi_attribute 18, 4
  13              		.thumb
  14              		.syntax unified
  15              		.file	"INA219.c"
  16              		.text
  17              	.Ltext0:
  18              		.cfi_sections	.debug_frame
  19              		.section	.text.I2C_INA_SendSequence,"ax",%progbits
  20              		.align	2
  21              		.global	I2C_INA_SendSequence
  22              		.code	16
  23              		.thumb_func
  24              		.type	I2C_INA_SendSequence, %function
  25              	I2C_INA_SendSequence:
  26              	.LFB35:
  27              		.file 1 "INA219.c"
   1:INA219.c      **** /* ========================================
   2:INA219.c      ****  *
   3:INA219.c      ****  * Copyright YOUR COMPANY, THE YEAR
   4:INA219.c      ****  * All Rights Reserved
   5:INA219.c      ****  * UNPUBLISHED, LICENSED SOFTWARE.
   6:INA219.c      ****  *
   7:INA219.c      ****  * CONFIDENTIAL AND PROPRIETARY INFORMATION
   8:INA219.c      ****  * WHICH IS THE PROPERTY OF your company.
   9:INA219.c      ****  *
  10:INA219.c      ****  * ========================================
  11:INA219.c      **** */
  12:INA219.c      **** 
  13:INA219.c      **** #include "INA219.h"
  14:INA219.c      **** 
  15:INA219.c      ****                 
  16:INA219.c      **** /* Buffer that holds data to be send to INA219 slave */
  17:INA219.c      **** static uint8 I2C_INA_buff[10];
  18:INA219.c      **** 
  19:INA219.c      **** /* Variable used for buffer indexing */
  20:INA219.c      **** static uint32 I2C_INA_buffIndex = 0u;
  21:INA219.c      **** 
  22:INA219.c      **** /* Variable stores the I2C address */
  23:INA219.c      **** static uint32 I2C_INA_address = 0x40;      
  24:INA219.c      **** 
  25:INA219.c      **** /* Calibration and scale for the expected voltage across the shunt */
  26:INA219.c      **** uint32_t ina219_calValue = 40960;
  27:INA219.c      **** float ina219_calScale = 0.01; 
  28:INA219.c      **** 
  29:INA219.c      **** uint32_t ReadData;
  30:INA219.c      **** 
ARM GAS  C:\Users\PRICHA~1\AppData\Local\Temp\cc2obTlA.s 			page 2


  31:INA219.c      **** void Init_INA(uint32 INA_Addr)
  32:INA219.c      **** {
  33:INA219.c      ****     I2C_INA_address = INA_Addr;
  34:INA219.c      ****     
  35:INA219.c      ****     uint16_t config = INA219_CONFIG_BVOLTAGERANGE_16V |
  36:INA219.c      ****                       INA219_CONFIG_GAIN_8_320MV | 
  37:INA219.c      ****                       INA219_CONFIG_BADCRES_12BIT |
  38:INA219.c      ****                       INA219_CONFIG_SADCRES_12BIT_128S_69MS |
  39:INA219.c      ****                       INA219_CONFIG_MODE_SANDBVOLT_CONTINUOUS;
  40:INA219.c      ****    
  41:INA219.c      ****     // Setup the Config Register    
  42:INA219.c      ****     I2C_INA_SendData(INA219_REG_CONFIG, (config >> 8) & 0xFF, config & 0xFF);
  43:INA219.c      **** 
  44:INA219.c      ****     // Calibrate
  45:INA219.c      ****     I2C_INA_SendData(INA219_REG_CALIBRATION, (ina219_calValue >> 8) & 0xFF, ina219_calValue & 0xFF)
  46:INA219.c      **** 
  47:INA219.c      **** }
  48:INA219.c      **** 
  49:INA219.c      **** 
  50:INA219.c      **** uint32 I2C_INA_SendData(uint8 reg, uint8 data1, uint8 data2) CYREENTRANT {
  51:INA219.c      ****     uint32 errStatus;
  52:INA219.c      ****     
  53:INA219.c      ****     I2C_INA_buff[0u] = reg;
  54:INA219.c      ****     I2C_INA_buff[1u] = data1;
  55:INA219.c      ****     I2C_INA_buff[2u] = data2;
  56:INA219.c      ****     I2C_INA_buffIndex = 3;
  57:INA219.c      ****     
  58:INA219.c      ****     errStatus = I2C_INA_SendSequence();
  59:INA219.c      ****     return errStatus;
  60:INA219.c      **** }
  61:INA219.c      **** 
  62:INA219.c      **** uint32 I2C_INA_ReadData(uint8 readreg) CYREENTRANT {
  63:INA219.c      ****     uint32 errStatus;
  64:INA219.c      ****     
  65:INA219.c      ****     I2C_INA_buff[0u] = readreg;
  66:INA219.c      ****     I2C_INA_buffIndex = 1;
  67:INA219.c      ****     
  68:INA219.c      ****     errStatus = I2C_INA_SendSequence();
  69:INA219.c      ****     if (errStatus != I2C_I2C_MSTR_NO_ERROR)
  70:INA219.c      ****         return errStatus;
  71:INA219.c      ****     
  72:INA219.c      ****     errStatus = I2C_INA_ReadSequence();    
  73:INA219.c      ****     return errStatus;    
  74:INA219.c      **** }
  75:INA219.c      **** 
  76:INA219.c      **** uint32 I2C_INA_SendSequence(void) CYREENTRANT
  77:INA219.c      **** {
  28              		.loc 1 77 0
  29              		.cfi_startproc
  30              		@ args = 0, pretend = 0, frame = 0
  31              		@ frame_needed = 0, uses_anonymous_args = 0
  32 0000 10B5     		push	{r4, lr}
  33              		.cfi_def_cfa_offset 8
  34              		.cfi_offset 4, -8
  35              		.cfi_offset 14, -4
  78:INA219.c      ****     uint32 errStatus;
  79:INA219.c      ****     errStatus = I2C_I2CMasterWriteBuf(I2C_INA_address, I2C_INA_buff, I2C_INA_buffIndex, 0x00);
ARM GAS  C:\Users\PRICHA~1\AppData\Local\Temp\cc2obTlA.s 			page 3


  36              		.loc 1 79 0
  37 0002 0C4B     		ldr	r3, .L5
  38 0004 1868     		ldr	r0, [r3]
  39 0006 0C49     		ldr	r1, .L5+4
  40 0008 04C9     		ldmia	r1!, {r2}
  41 000a 0023     		movs	r3, #0
  42 000c FFF7FEFF 		bl	I2C_I2CMasterWriteBuf
  43              	.LVL0:
  44 0010 0400     		movs	r4, r0
  45              	.LVL1:
  46              	.L2:
  80:INA219.c      **** 
  81:INA219.c      ****     /* Wait until I2C Master finishes transaction */
  82:INA219.c      ****     while(0u == (I2C_I2CMasterStatus() & 0x02)) {}
  47              		.loc 1 82 0 discriminator 1
  48 0012 FFF7FEFF 		bl	I2C_I2CMasterStatus
  49              	.LVL2:
  50 0016 8307     		lsls	r3, r0, #30
  51 0018 FBD5     		bpl	.L2
  83:INA219.c      ****     
  84:INA219.c      ****     switch (errStatus) {
  52              		.loc 1 84 0
  53 001a 042C     		cmp	r4, #4
  54 001c 01D0     		beq	.L4
  55 001e 082C     		cmp	r4, #8
  56 0020 03D1     		bne	.L3
  57              	.L4:
  85:INA219.c      ****     
  86:INA219.c      ****         case I2C_I2C_MSTR_NO_ERROR:
  87:INA219.c      ****             break;
  88:INA219.c      ****     
  89:INA219.c      ****         case I2C_I2C_MSTR_BUS_BUSY:
  90:INA219.c      ****         case I2C_I2C_MSTR_NOT_READY:
  91:INA219.c      ****             I2C_INA_buff[0] = 0;
  58              		.loc 1 91 0
  59 0022 054B     		ldr	r3, .L5+4
  60 0024 0022     		movs	r2, #0
  61 0026 1A71     		strb	r2, [r3, #4]
  92:INA219.c      ****             I2C_INA_buff[1] = 0;
  62              		.loc 1 92 0
  63 0028 5A71     		strb	r2, [r3, #5]
  64              	.L3:
  93:INA219.c      ****             break;
  94:INA219.c      ****     }
  95:INA219.c      **** 
  96:INA219.c      ****     /* Reset buffer index */
  97:INA219.c      ****     I2C_INA_buffIndex = 0u;
  65              		.loc 1 97 0
  66 002a 0022     		movs	r2, #0
  67 002c 024B     		ldr	r3, .L5+4
  68 002e 1A60     		str	r2, [r3]
  98:INA219.c      ****     
  99:INA219.c      ****     return errStatus;
 100:INA219.c      **** }
  69              		.loc 1 100 0
  70 0030 2000     		movs	r0, r4
  71              		@ sp needed
ARM GAS  C:\Users\PRICHA~1\AppData\Local\Temp\cc2obTlA.s 			page 4


  72              	.LVL3:
  73 0032 10BD     		pop	{r4, pc}
  74              	.L6:
  75              		.align	2
  76              	.L5:
  77 0034 00000000 		.word	.LANCHOR0
  78 0038 00000000 		.word	.LANCHOR1
  79              		.cfi_endproc
  80              	.LFE35:
  81              		.size	I2C_INA_SendSequence, .-I2C_INA_SendSequence
  82              		.section	.text.I2C_INA_SendData,"ax",%progbits
  83              		.align	2
  84              		.global	I2C_INA_SendData
  85              		.code	16
  86              		.thumb_func
  87              		.type	I2C_INA_SendData, %function
  88              	I2C_INA_SendData:
  89              	.LFB33:
  50:INA219.c      ****     uint32 errStatus;
  90              		.loc 1 50 0
  91              		.cfi_startproc
  92              		@ args = 0, pretend = 0, frame = 0
  93              		@ frame_needed = 0, uses_anonymous_args = 0
  94              	.LVL4:
  95 0000 10B5     		push	{r4, lr}
  96              		.cfi_def_cfa_offset 8
  97              		.cfi_offset 4, -8
  98              		.cfi_offset 14, -4
  53:INA219.c      ****     I2C_INA_buff[1u] = data1;
  99              		.loc 1 53 0
 100 0002 044B     		ldr	r3, .L8
 101 0004 1871     		strb	r0, [r3, #4]
  54:INA219.c      ****     I2C_INA_buff[2u] = data2;
 102              		.loc 1 54 0
 103 0006 5971     		strb	r1, [r3, #5]
  55:INA219.c      ****     I2C_INA_buffIndex = 3;
 104              		.loc 1 55 0
 105 0008 9A71     		strb	r2, [r3, #6]
  56:INA219.c      ****     
 106              		.loc 1 56 0
 107 000a 0322     		movs	r2, #3
 108              	.LVL5:
 109 000c 1A60     		str	r2, [r3]
  58:INA219.c      ****     return errStatus;
 110              		.loc 1 58 0
 111 000e FFF7FEFF 		bl	I2C_INA_SendSequence
 112              	.LVL6:
  60:INA219.c      **** 
 113              		.loc 1 60 0
 114              		@ sp needed
 115 0012 10BD     		pop	{r4, pc}
 116              	.L9:
 117              		.align	2
 118              	.L8:
 119 0014 00000000 		.word	.LANCHOR1
 120              		.cfi_endproc
 121              	.LFE33:
ARM GAS  C:\Users\PRICHA~1\AppData\Local\Temp\cc2obTlA.s 			page 5


 122              		.size	I2C_INA_SendData, .-I2C_INA_SendData
 123              		.section	.text.Init_INA,"ax",%progbits
 124              		.align	2
 125              		.global	Init_INA
 126              		.code	16
 127              		.thumb_func
 128              		.type	Init_INA, %function
 129              	Init_INA:
 130              	.LFB32:
  32:INA219.c      ****     I2C_INA_address = INA_Addr;
 131              		.loc 1 32 0
 132              		.cfi_startproc
 133              		@ args = 0, pretend = 0, frame = 0
 134              		@ frame_needed = 0, uses_anonymous_args = 0
 135              	.LVL7:
 136 0000 10B5     		push	{r4, lr}
 137              		.cfi_def_cfa_offset 8
 138              		.cfi_offset 4, -8
 139              		.cfi_offset 14, -4
  33:INA219.c      ****     
 140              		.loc 1 33 0
 141 0002 074C     		ldr	r4, .L11
 142 0004 2060     		str	r0, [r4]
 143              	.LVL8:
  42:INA219.c      **** 
 144              		.loc 1 42 0
 145 0006 7F22     		movs	r2, #127
 146 0008 1C21     		movs	r1, #28
 147 000a 0020     		movs	r0, #0
 148              	.LVL9:
 149 000c FFF7FEFF 		bl	I2C_INA_SendData
 150              	.LVL10:
  45:INA219.c      **** 
 151              		.loc 1 45 0
 152 0010 6268     		ldr	r2, [r4, #4]
 153 0012 110A     		lsrs	r1, r2, #8
 154 0014 D2B2     		uxtb	r2, r2
 155 0016 C9B2     		uxtb	r1, r1
 156 0018 0520     		movs	r0, #5
 157 001a FFF7FEFF 		bl	I2C_INA_SendData
 158              	.LVL11:
  47:INA219.c      **** 
 159              		.loc 1 47 0
 160              		@ sp needed
 161 001e 10BD     		pop	{r4, pc}
 162              	.L12:
 163              		.align	2
 164              	.L11:
 165 0020 00000000 		.word	.LANCHOR0
 166              		.cfi_endproc
 167              	.LFE32:
 168              		.size	Init_INA, .-Init_INA
 169              		.section	.text.I2C_INA_ReadSequence,"ax",%progbits
 170              		.align	2
 171              		.global	I2C_INA_ReadSequence
 172              		.code	16
 173              		.thumb_func
ARM GAS  C:\Users\PRICHA~1\AppData\Local\Temp\cc2obTlA.s 			page 6


 174              		.type	I2C_INA_ReadSequence, %function
 175              	I2C_INA_ReadSequence:
 176              	.LFB36:
 101:INA219.c      **** 
 102:INA219.c      **** uint32 I2C_INA_ReadSequence(void) CYREENTRANT {
 177              		.loc 1 102 0
 178              		.cfi_startproc
 179              		@ args = 0, pretend = 0, frame = 0
 180              		@ frame_needed = 0, uses_anonymous_args = 0
 181 0000 10B5     		push	{r4, lr}
 182              		.cfi_def_cfa_offset 8
 183              		.cfi_offset 4, -8
 184              		.cfi_offset 14, -4
 103:INA219.c      ****     
 104:INA219.c      ****     uint32 errStatus;
 105:INA219.c      ****     
 106:INA219.c      ****     I2C_INA_buff[0u] = 0x00;
 185              		.loc 1 106 0
 186 0002 0B49     		ldr	r1, .L15
 187 0004 0023     		movs	r3, #0
 188 0006 0B71     		strb	r3, [r1, #4]
 107:INA219.c      ****     I2C_INA_buff[1u] = 0x00;
 189              		.loc 1 107 0
 190 0008 4B71     		strb	r3, [r1, #5]
 108:INA219.c      ****     I2C_INA_buffIndex = 2;
 191              		.loc 1 108 0
 192 000a 0233     		adds	r3, r3, #2
 193 000c 08C1     		stmia	r1!, {r3}
 109:INA219.c      ****     
 110:INA219.c      ****     errStatus = I2C_I2CMasterReadBuf(I2C_INA_address, I2C_INA_buff, I2C_INA_buffIndex, 0x00);
 194              		.loc 1 110 0
 195 000e 094B     		ldr	r3, .L15+4
 196 0010 1868     		ldr	r0, [r3]
 197 0012 0023     		movs	r3, #0
 198 0014 0222     		movs	r2, #2
 199 0016 FFF7FEFF 		bl	I2C_I2CMasterReadBuf
 200              	.LVL12:
 201 001a 0400     		movs	r4, r0
 202              	.LVL13:
 203              	.L14:
 111:INA219.c      **** 
 112:INA219.c      ****     while(0u == (I2C_I2CMasterStatus() & 0x02))
 204              		.loc 1 112 0 discriminator 1
 205 001c FFF7FEFF 		bl	I2C_I2CMasterStatus
 206              	.LVL14:
 207 0020 8307     		lsls	r3, r0, #30
 208 0022 FBD5     		bpl	.L14
 113:INA219.c      ****     {
 114:INA219.c      ****         /* Wait until I2C Master finishes transaction */
 115:INA219.c      ****     }
 116:INA219.c      **** 
 117:INA219.c      ****     /* Reset buffer index */
 118:INA219.c      ****     I2C_INA_buffIndex = 0u;
 209              		.loc 1 118 0
 210 0024 0022     		movs	r2, #0
 211 0026 024B     		ldr	r3, .L15
 212 0028 1A60     		str	r2, [r3]
ARM GAS  C:\Users\PRICHA~1\AppData\Local\Temp\cc2obTlA.s 			page 7


 119:INA219.c      ****     
 120:INA219.c      ****     return errStatus;
 121:INA219.c      **** }
 213              		.loc 1 121 0
 214 002a 2000     		movs	r0, r4
 215              		@ sp needed
 216              	.LVL15:
 217 002c 10BD     		pop	{r4, pc}
 218              	.L16:
 219 002e C046     		.align	2
 220              	.L15:
 221 0030 00000000 		.word	.LANCHOR1
 222 0034 00000000 		.word	.LANCHOR0
 223              		.cfi_endproc
 224              	.LFE36:
 225              		.size	I2C_INA_ReadSequence, .-I2C_INA_ReadSequence
 226              		.section	.text.I2C_INA_ReadData,"ax",%progbits
 227              		.align	2
 228              		.global	I2C_INA_ReadData
 229              		.code	16
 230              		.thumb_func
 231              		.type	I2C_INA_ReadData, %function
 232              	I2C_INA_ReadData:
 233              	.LFB34:
  62:INA219.c      ****     uint32 errStatus;
 234              		.loc 1 62 0
 235              		.cfi_startproc
 236              		@ args = 0, pretend = 0, frame = 0
 237              		@ frame_needed = 0, uses_anonymous_args = 0
 238              	.LVL16:
 239 0000 10B5     		push	{r4, lr}
 240              		.cfi_def_cfa_offset 8
 241              		.cfi_offset 4, -8
 242              		.cfi_offset 14, -4
  65:INA219.c      ****     I2C_INA_buffIndex = 1;
 243              		.loc 1 65 0
 244 0002 054B     		ldr	r3, .L20
 245 0004 1871     		strb	r0, [r3, #4]
  66:INA219.c      ****     
 246              		.loc 1 66 0
 247 0006 0122     		movs	r2, #1
 248 0008 1A60     		str	r2, [r3]
  68:INA219.c      ****     if (errStatus != I2C_I2C_MSTR_NO_ERROR)
 249              		.loc 1 68 0
 250 000a FFF7FEFF 		bl	I2C_INA_SendSequence
 251              	.LVL17:
  69:INA219.c      ****         return errStatus;
 252              		.loc 1 69 0
 253 000e 0028     		cmp	r0, #0
 254 0010 01D1     		bne	.L18
  72:INA219.c      ****     return errStatus;    
 255              		.loc 1 72 0
 256 0012 FFF7FEFF 		bl	I2C_INA_ReadSequence
 257              	.LVL18:
 258              	.L18:
  74:INA219.c      **** 
 259              		.loc 1 74 0
ARM GAS  C:\Users\PRICHA~1\AppData\Local\Temp\cc2obTlA.s 			page 8


 260              		@ sp needed
 261 0016 10BD     		pop	{r4, pc}
 262              	.L21:
 263              		.align	2
 264              	.L20:
 265 0018 00000000 		.word	.LANCHOR1
 266              		.cfi_endproc
 267              	.LFE34:
 268              		.size	I2C_INA_ReadData, .-I2C_INA_ReadData
 269              		.section	.text.getCurrent_raw,"ax",%progbits
 270              		.align	2
 271              		.global	getCurrent_raw
 272              		.code	16
 273              		.thumb_func
 274              		.type	getCurrent_raw, %function
 275              	getCurrent_raw:
 276              	.LFB37:
 122:INA219.c      **** 
 123:INA219.c      **** int16_t getCurrent_raw(uint32 INA_addr)  {
 277              		.loc 1 123 0
 278              		.cfi_startproc
 279              		@ args = 0, pretend = 0, frame = 0
 280              		@ frame_needed = 0, uses_anonymous_args = 0
 281              	.LVL19:
 282 0000 10B5     		push	{r4, lr}
 283              		.cfi_def_cfa_offset 8
 284              		.cfi_offset 4, -8
 285              		.cfi_offset 14, -4
 124:INA219.c      ****     
 125:INA219.c      ****     uint32 errStatus;
 126:INA219.c      ****     I2C_INA_address = INA_addr;
 286              		.loc 1 126 0
 287 0002 0D4B     		ldr	r3, .L26
 288 0004 1860     		str	r0, [r3]
 127:INA219.c      ****     
 128:INA219.c      ****     int16_t value;
 129:INA219.c      **** 
 130:INA219.c      ****     // Sometimes a sharp load will reset the INA219, which will
 131:INA219.c      ****     // reset the cal register, meaning CURRENT and POWER will
 132:INA219.c      ****     // not be available ... avoid this by always setting a cal
 133:INA219.c      ****     // value even if it's an unfortunate extra step
 134:INA219.c      ****     
 135:INA219.c      ****     errStatus = I2C_INA_SendData(INA219_REG_CALIBRATION, (ina219_calValue >> 8) & 0xFF, ina219_calV
 289              		.loc 1 135 0
 290 0006 5A68     		ldr	r2, [r3, #4]
 291 0008 110A     		lsrs	r1, r2, #8
 292 000a C9B2     		uxtb	r1, r1
 293 000c D2B2     		uxtb	r2, r2
 294 000e 0520     		movs	r0, #5
 295              	.LVL20:
 296 0010 FFF7FEFF 		bl	I2C_INA_SendData
 297              	.LVL21:
 136:INA219.c      ****     if (errStatus != I2C_I2C_MSTR_NO_ERROR)
 298              		.loc 1 136 0
 299 0014 0028     		cmp	r0, #0
 300 0016 0BD1     		bne	.L24
 137:INA219.c      ****         return 0;
ARM GAS  C:\Users\PRICHA~1\AppData\Local\Temp\cc2obTlA.s 			page 9


 138:INA219.c      ****         
 139:INA219.c      ****     // Now we can safely read the CURRENT register!
 140:INA219.c      ****     errStatus = I2C_INA_ReadData(INA219_REG_CURRENT);
 301              		.loc 1 140 0
 302 0018 0430     		adds	r0, r0, #4
 303              	.LVL22:
 304 001a FFF7FEFF 		bl	I2C_INA_ReadData
 305              	.LVL23:
 141:INA219.c      ****     if (errStatus != I2C_I2C_MSTR_NO_ERROR)
 306              		.loc 1 141 0
 307 001e 0028     		cmp	r0, #0
 308 0020 08D1     		bne	.L25
 142:INA219.c      ****         return 0;
 143:INA219.c      **** 
 144:INA219.c      ****     //TODO 20230908 pmr - why was there a delay here?!?!?!
 145:INA219.c      ****     //CyDelay(1u);
 146:INA219.c      ****     
 147:INA219.c      ****     // Reassemble raw/unscaled current value from the buffer
 148:INA219.c      ****     value = (int16_t) ((I2C_INA_buff[0] << 8) | I2C_INA_buff[1]);
 309              		.loc 1 148 0
 310 0022 064B     		ldr	r3, .L26+4
 311 0024 1879     		ldrb	r0, [r3, #4]
 312              	.LVL24:
 313 0026 0002     		lsls	r0, r0, #8
 314 0028 00B2     		sxth	r0, r0
 315 002a 5B79     		ldrb	r3, [r3, #5]
 316              	.LVL25:
 149:INA219.c      ****     
 150:INA219.c      ****     return value;
 317              		.loc 1 150 0
 318 002c 1843     		orrs	r0, r3
 319              	.LVL26:
 320 002e 02E0     		b	.L23
 321              	.LVL27:
 322              	.L24:
 137:INA219.c      ****         
 323              		.loc 1 137 0
 324 0030 0020     		movs	r0, #0
 325              	.LVL28:
 326 0032 00E0     		b	.L23
 327              	.LVL29:
 328              	.L25:
 142:INA219.c      ****         return 0;
 329              		.loc 1 142 0
 330 0034 0020     		movs	r0, #0
 331              	.LVL30:
 332              	.L23:
 151:INA219.c      **** }
 333              		.loc 1 151 0
 334              		@ sp needed
 335 0036 10BD     		pop	{r4, pc}
 336              	.L27:
 337              		.align	2
 338              	.L26:
 339 0038 00000000 		.word	.LANCHOR0
 340 003c 00000000 		.word	.LANCHOR1
 341              		.cfi_endproc
ARM GAS  C:\Users\PRICHA~1\AppData\Local\Temp\cc2obTlA.s 			page 10


 342              	.LFE37:
 343              		.size	getCurrent_raw, .-getCurrent_raw
 344              		.global	__aeabi_i2f
 345              		.global	__aeabi_fmul
 346              		.section	.text.getCurrent_mA,"ax",%progbits
 347              		.align	2
 348              		.global	getCurrent_mA
 349              		.code	16
 350              		.thumb_func
 351              		.type	getCurrent_mA, %function
 352              	getCurrent_mA:
 353              	.LFB38:
 152:INA219.c      **** 
 153:INA219.c      **** float getCurrent_mA(uint32 INA_Addr)  {
 354              		.loc 1 153 0
 355              		.cfi_startproc
 356              		@ args = 0, pretend = 0, frame = 0
 357              		@ frame_needed = 0, uses_anonymous_args = 0
 358              	.LVL31:
 359 0000 10B5     		push	{r4, lr}
 360              		.cfi_def_cfa_offset 8
 361              		.cfi_offset 4, -8
 362              		.cfi_offset 14, -4
 154:INA219.c      ****   float valueScaled = getCurrent_raw(INA_Addr) * ina219_calScale;
 363              		.loc 1 154 0
 364 0002 FFF7FEFF 		bl	getCurrent_raw
 365              	.LVL32:
 366 0006 FFF7FEFF 		bl	__aeabi_i2f
 367              	.LVL33:
 368 000a 024B     		ldr	r3, .L29
 369 000c 9968     		ldr	r1, [r3, #8]
 370 000e FFF7FEFF 		bl	__aeabi_fmul
 371              	.LVL34:
 155:INA219.c      ****   return valueScaled;
 156:INA219.c      **** }
 372              		.loc 1 156 0
 373              		@ sp needed
 374 0012 10BD     		pop	{r4, pc}
 375              	.L30:
 376              		.align	2
 377              	.L29:
 378 0014 00000000 		.word	.LANCHOR0
 379              		.cfi_endproc
 380              	.LFE38:
 381              		.size	getCurrent_mA, .-getCurrent_mA
 382              		.section	.text.getBusVoltage_raw,"ax",%progbits
 383              		.align	2
 384              		.global	getBusVoltage_raw
 385              		.code	16
 386              		.thumb_func
 387              		.type	getBusVoltage_raw, %function
 388              	getBusVoltage_raw:
 389              	.LFB39:
 157:INA219.c      **** 
 158:INA219.c      **** int16_t getBusVoltage_raw(uint32 INA_addr)  {
 390              		.loc 1 158 0
 391              		.cfi_startproc
ARM GAS  C:\Users\PRICHA~1\AppData\Local\Temp\cc2obTlA.s 			page 11


 392              		@ args = 0, pretend = 0, frame = 0
 393              		@ frame_needed = 0, uses_anonymous_args = 0
 394              	.LVL35:
 395 0000 10B5     		push	{r4, lr}
 396              		.cfi_def_cfa_offset 8
 397              		.cfi_offset 4, -8
 398              		.cfi_offset 14, -4
 159:INA219.c      ****     I2C_INA_address = INA_addr;      
 399              		.loc 1 159 0
 400 0002 0A4B     		ldr	r3, .L32
 401 0004 1860     		str	r0, [r3]
 402              	.LVL36:
 160:INA219.c      ****     uint16_t value=0;
 161:INA219.c      ****     I2C_INA_ReadData(INA219_REG_BUSVOLTAGE);
 403              		.loc 1 161 0
 404 0006 0220     		movs	r0, #2
 405              	.LVL37:
 406 0008 FFF7FEFF 		bl	I2C_INA_ReadData
 407              	.LVL38:
 162:INA219.c      ****     
 163:INA219.c      ****     CyDelay(1u);
 408              		.loc 1 163 0
 409 000c 0120     		movs	r0, #1
 410 000e FFF7FEFF 		bl	CyDelay
 411              	.LVL39:
 164:INA219.c      ****     value = (uint16_t)(I2C_INA_buff[0]<<8) + I2C_INA_buff[1];
 412              		.loc 1 164 0
 413 0012 074B     		ldr	r3, .L32+4
 414 0014 1C79     		ldrb	r4, [r3, #4]
 415 0016 2402     		lsls	r4, r4, #8
 416 0018 5B79     		ldrb	r3, [r3, #5]
 417 001a E418     		adds	r4, r4, r3
 418 001c A4B2     		uxth	r4, r4
 419              	.LVL40:
 165:INA219.c      ****     CyDelay(1u);    
 420              		.loc 1 165 0
 421 001e 0120     		movs	r0, #1
 422 0020 FFF7FEFF 		bl	CyDelay
 423              	.LVL41:
 166:INA219.c      **** 
 167:INA219.c      ****     // Shift to the right 3 to drop CNVR and OVF and multiply by LSB
 168:INA219.c      ****     return (int16_t)((value >> 3) * 4);
 424              		.loc 1 168 0
 425 0024 E008     		lsrs	r0, r4, #3
 426 0026 8000     		lsls	r0, r0, #2
 169:INA219.c      **** }
 427              		.loc 1 169 0
 428              		@ sp needed
 429              	.LVL42:
 430 0028 10BD     		pop	{r4, pc}
 431              	.L33:
 432 002a C046     		.align	2
 433              	.L32:
 434 002c 00000000 		.word	.LANCHOR0
 435 0030 00000000 		.word	.LANCHOR1
 436              		.cfi_endproc
 437              	.LFE39:
ARM GAS  C:\Users\PRICHA~1\AppData\Local\Temp\cc2obTlA.s 			page 12


 438              		.size	getBusVoltage_raw, .-getBusVoltage_raw
 439              		.global	__aeabi_i2d
 440              		.global	__aeabi_dmul
 441              		.global	__aeabi_d2f
 442              		.section	.text.getBusVoltage_V,"ax",%progbits
 443              		.align	2
 444              		.global	getBusVoltage_V
 445              		.code	16
 446              		.thumb_func
 447              		.type	getBusVoltage_V, %function
 448              	getBusVoltage_V:
 449              	.LFB40:
 170:INA219.c      **** 
 171:INA219.c      **** float getBusVoltage_V(uint32 INA_addr)  {    
 450              		.loc 1 171 0
 451              		.cfi_startproc
 452              		@ args = 0, pretend = 0, frame = 0
 453              		@ frame_needed = 0, uses_anonymous_args = 0
 454              	.LVL43:
 455 0000 10B5     		push	{r4, lr}
 456              		.cfi_def_cfa_offset 8
 457              		.cfi_offset 4, -8
 458              		.cfi_offset 14, -4
 172:INA219.c      ****     int16_t value = getBusVoltage_raw(INA_addr);
 459              		.loc 1 172 0
 460 0002 FFF7FEFF 		bl	getBusVoltage_raw
 461              	.LVL44:
 173:INA219.c      ****     return value * 0.001;
 462              		.loc 1 173 0
 463 0006 FFF7FEFF 		bl	__aeabi_i2d
 464              	.LVL45:
 465 000a 034A     		ldr	r2, .L35
 466 000c 034B     		ldr	r3, .L35+4
 467 000e FFF7FEFF 		bl	__aeabi_dmul
 468              	.LVL46:
 469 0012 FFF7FEFF 		bl	__aeabi_d2f
 470              	.LVL47:
 174:INA219.c      **** }
 471              		.loc 1 174 0
 472              		@ sp needed
 473 0016 10BD     		pop	{r4, pc}
 474              	.L36:
 475              		.align	2
 476              	.L35:
 477 0018 FCA9F1D2 		.word	-755914244
 478 001c 4D62503F 		.word	1062232653
 479              		.cfi_endproc
 480              	.LFE40:
 481              		.size	getBusVoltage_V, .-getBusVoltage_V
 482              		.comm	ReadData,4,4
 483              		.global	ina219_calScale
 484              		.global	ina219_calValue
 485              		.data
 486              		.align	2
 487              		.set	.LANCHOR0,. + 0
 488              		.type	I2C_INA_address, %object
 489              		.size	I2C_INA_address, 4
ARM GAS  C:\Users\PRICHA~1\AppData\Local\Temp\cc2obTlA.s 			page 13


 490              	I2C_INA_address:
 491 0000 40000000 		.word	64
 492              		.type	ina219_calValue, %object
 493              		.size	ina219_calValue, 4
 494              	ina219_calValue:
 495 0004 00A00000 		.word	40960
 496              		.type	ina219_calScale, %object
 497              		.size	ina219_calScale, 4
 498              	ina219_calScale:
 499 0008 0AD7233C 		.word	1008981770
 500              		.bss
 501              		.align	2
 502              		.set	.LANCHOR1,. + 0
 503              		.type	I2C_INA_buffIndex, %object
 504              		.size	I2C_INA_buffIndex, 4
 505              	I2C_INA_buffIndex:
 506 0000 00000000 		.space	4
 507              		.type	I2C_INA_buff, %object
 508              		.size	I2C_INA_buff, 10
 509              	I2C_INA_buff:
 510 0004 00000000 		.space	10
 510      00000000 
 510      0000
 511              		.text
 512              	.Letext0:
 513              		.file 2 "c:\\program files (x86)\\cypress\\psoc creator\\4.4\\psoc creator\\import\\gnu\\arm\\5.4.
 514              		.file 3 "c:\\program files (x86)\\cypress\\psoc creator\\4.4\\psoc creator\\import\\gnu\\arm\\5.4.
 515              		.file 4 "Generated_Source\\PSoC4/cytypes.h"
 516              		.file 5 "Generated_Source\\PSoC4/I2C_I2C.h"
 517              		.file 6 "Generated_Source\\PSoC4/CyLib.h"
 518              		.section	.debug_info,"",%progbits
 519              	.Ldebug_info0:
 520 0000 91040000 		.4byte	0x491
 521 0004 0400     		.2byte	0x4
 522 0006 00000000 		.4byte	.Ldebug_abbrev0
 523 000a 04       		.byte	0x4
 524 000b 01       		.uleb128 0x1
 525 000c C0010000 		.4byte	.LASF49
 526 0010 0C       		.byte	0xc
 527 0011 12000000 		.4byte	.LASF50
 528 0015 90020000 		.4byte	.LASF51
 529 0019 00000000 		.4byte	.Ldebug_ranges0+0
 530 001d 00000000 		.4byte	0
 531 0021 00000000 		.4byte	.Ldebug_line0
 532 0025 02       		.uleb128 0x2
 533 0026 01       		.byte	0x1
 534 0027 06       		.byte	0x6
 535 0028 1E030000 		.4byte	.LASF0
 536 002c 02       		.uleb128 0x2
 537 002d 01       		.byte	0x1
 538 002e 08       		.byte	0x8
 539 002f D8000000 		.4byte	.LASF1
 540 0033 03       		.uleb128 0x3
 541 0034 5D010000 		.4byte	.LASF3
 542 0038 02       		.byte	0x2
 543 0039 29       		.byte	0x29
 544 003a 3E000000 		.4byte	0x3e
ARM GAS  C:\Users\PRICHA~1\AppData\Local\Temp\cc2obTlA.s 			page 14


 545 003e 02       		.uleb128 0x2
 546 003f 02       		.byte	0x2
 547 0040 05       		.byte	0x5
 548 0041 86020000 		.4byte	.LASF2
 549 0045 03       		.uleb128 0x3
 550 0046 2E010000 		.4byte	.LASF4
 551 004a 02       		.byte	0x2
 552 004b 2B       		.byte	0x2b
 553 004c 50000000 		.4byte	0x50
 554 0050 02       		.uleb128 0x2
 555 0051 02       		.byte	0x2
 556 0052 07       		.byte	0x7
 557 0053 01010000 		.4byte	.LASF5
 558 0057 02       		.uleb128 0x2
 559 0058 04       		.byte	0x4
 560 0059 05       		.byte	0x5
 561 005a F4020000 		.4byte	.LASF6
 562 005e 03       		.uleb128 0x3
 563 005f 40010000 		.4byte	.LASF7
 564 0063 02       		.byte	0x2
 565 0064 41       		.byte	0x41
 566 0065 69000000 		.4byte	0x69
 567 0069 02       		.uleb128 0x2
 568 006a 04       		.byte	0x4
 569 006b 07       		.byte	0x7
 570 006c E6000000 		.4byte	.LASF8
 571 0070 02       		.uleb128 0x2
 572 0071 08       		.byte	0x8
 573 0072 05       		.byte	0x5
 574 0073 73020000 		.4byte	.LASF9
 575 0077 02       		.uleb128 0x2
 576 0078 08       		.byte	0x8
 577 0079 07       		.byte	0x7
 578 007a 93010000 		.4byte	.LASF10
 579 007e 04       		.uleb128 0x4
 580 007f 04       		.byte	0x4
 581 0080 05       		.byte	0x5
 582 0081 696E7400 		.ascii	"int\000"
 583 0085 02       		.uleb128 0x2
 584 0086 04       		.byte	0x4
 585 0087 07       		.byte	0x7
 586 0088 86010000 		.4byte	.LASF11
 587 008c 03       		.uleb128 0x3
 588 008d B2010000 		.4byte	.LASF12
 589 0091 03       		.byte	0x3
 590 0092 20       		.byte	0x20
 591 0093 33000000 		.4byte	0x33
 592 0097 03       		.uleb128 0x3
 593 0098 D2020000 		.4byte	.LASF13
 594 009c 03       		.byte	0x3
 595 009d 24       		.byte	0x24
 596 009e 45000000 		.4byte	0x45
 597 00a2 03       		.uleb128 0x3
 598 00a3 EB020000 		.4byte	.LASF14
 599 00a7 03       		.byte	0x3
 600 00a8 30       		.byte	0x30
 601 00a9 5E000000 		.4byte	0x5e
ARM GAS  C:\Users\PRICHA~1\AppData\Local\Temp\cc2obTlA.s 			page 15


 602 00ad 05       		.uleb128 0x5
 603 00ae BE000000 		.4byte	.LASF15
 604 00b2 04       		.byte	0x4
 605 00b3 FC01     		.2byte	0x1fc
 606 00b5 2C000000 		.4byte	0x2c
 607 00b9 05       		.uleb128 0x5
 608 00ba 67010000 		.4byte	.LASF16
 609 00be 04       		.byte	0x4
 610 00bf FE01     		.2byte	0x1fe
 611 00c1 69000000 		.4byte	0x69
 612 00c5 02       		.uleb128 0x2
 613 00c6 04       		.byte	0x4
 614 00c7 04       		.byte	0x4
 615 00c8 B8000000 		.4byte	.LASF17
 616 00cc 02       		.uleb128 0x2
 617 00cd 08       		.byte	0x8
 618 00ce 04       		.byte	0x4
 619 00cf 39010000 		.4byte	.LASF18
 620 00d3 02       		.uleb128 0x2
 621 00d4 01       		.byte	0x1
 622 00d5 08       		.byte	0x8
 623 00d6 81020000 		.4byte	.LASF19
 624 00da 02       		.uleb128 0x2
 625 00db 08       		.byte	0x8
 626 00dc 04       		.byte	0x4
 627 00dd FD020000 		.4byte	.LASF20
 628 00e1 02       		.uleb128 0x2
 629 00e2 04       		.byte	0x4
 630 00e3 07       		.byte	0x7
 631 00e4 60020000 		.4byte	.LASF21
 632 00e8 06       		.uleb128 0x6
 633 00e9 09030000 		.4byte	.LASF22
 634 00ed 01       		.byte	0x1
 635 00ee 4C       		.byte	0x4c
 636 00ef B9000000 		.4byte	0xb9
 637 00f3 00000000 		.4byte	.LFB35
 638 00f7 3C000000 		.4byte	.LFE35-.LFB35
 639 00fb 01       		.uleb128 0x1
 640 00fc 9C       		.byte	0x9c
 641 00fd 36010000 		.4byte	0x136
 642 0101 07       		.uleb128 0x7
 643 0102 69020000 		.4byte	.LASF26
 644 0106 01       		.byte	0x1
 645 0107 4E       		.byte	0x4e
 646 0108 B9000000 		.4byte	0xb9
 647 010c 00000000 		.4byte	.LLST0
 648 0110 08       		.uleb128 0x8
 649 0111 10000000 		.4byte	.LVL0
 650 0115 65040000 		.4byte	0x465
 651 0119 2C010000 		.4byte	0x12c
 652 011d 09       		.uleb128 0x9
 653 011e 01       		.uleb128 0x1
 654 011f 51       		.byte	0x51
 655 0120 05       		.uleb128 0x5
 656 0121 03       		.byte	0x3
 657 0122 00000000 		.4byte	.LANCHOR1
 658 0126 09       		.uleb128 0x9
ARM GAS  C:\Users\PRICHA~1\AppData\Local\Temp\cc2obTlA.s 			page 16


 659 0127 01       		.uleb128 0x1
 660 0128 53       		.byte	0x53
 661 0129 01       		.uleb128 0x1
 662 012a 30       		.byte	0x30
 663 012b 00       		.byte	0
 664 012c 0A       		.uleb128 0xa
 665 012d 16000000 		.4byte	.LVL2
 666 0131 71040000 		.4byte	0x471
 667 0135 00       		.byte	0
 668 0136 06       		.uleb128 0x6
 669 0137 63000000 		.4byte	.LASF23
 670 013b 01       		.byte	0x1
 671 013c 32       		.byte	0x32
 672 013d B9000000 		.4byte	0xb9
 673 0141 00000000 		.4byte	.LFB33
 674 0145 18000000 		.4byte	.LFE33-.LFB33
 675 0149 01       		.uleb128 0x1
 676 014a 9C       		.byte	0x9c
 677 014b 93010000 		.4byte	0x193
 678 014f 0B       		.uleb128 0xb
 679 0150 72656700 		.ascii	"reg\000"
 680 0154 01       		.byte	0x1
 681 0155 32       		.byte	0x32
 682 0156 AD000000 		.4byte	0xad
 683 015a 1E000000 		.4byte	.LLST1
 684 015e 0C       		.uleb128 0xc
 685 015f 14010000 		.4byte	.LASF24
 686 0163 01       		.byte	0x1
 687 0164 32       		.byte	0x32
 688 0165 AD000000 		.4byte	0xad
 689 0169 3F000000 		.4byte	.LLST2
 690 016d 0C       		.uleb128 0xc
 691 016e BA010000 		.4byte	.LASF25
 692 0172 01       		.byte	0x1
 693 0173 32       		.byte	0x32
 694 0174 AD000000 		.4byte	0xad
 695 0178 60000000 		.4byte	.LLST3
 696 017c 0D       		.uleb128 0xd
 697 017d 69020000 		.4byte	.LASF26
 698 0181 01       		.byte	0x1
 699 0182 33       		.byte	0x33
 700 0183 B9000000 		.4byte	0xb9
 701 0187 01       		.uleb128 0x1
 702 0188 50       		.byte	0x50
 703 0189 0A       		.uleb128 0xa
 704 018a 12000000 		.4byte	.LVL6
 705 018e E8000000 		.4byte	0xe8
 706 0192 00       		.byte	0
 707 0193 0E       		.uleb128 0xe
 708 0194 09000000 		.4byte	.LASF52
 709 0198 01       		.byte	0x1
 710 0199 1F       		.byte	0x1f
 711 019a 00000000 		.4byte	.LFB32
 712 019e 24000000 		.4byte	.LFE32-.LFB32
 713 01a2 01       		.uleb128 0x1
 714 01a3 9C       		.byte	0x9c
 715 01a4 F2010000 		.4byte	0x1f2
ARM GAS  C:\Users\PRICHA~1\AppData\Local\Temp\cc2obTlA.s 			page 17


 716 01a8 0C       		.uleb128 0xc
 717 01a9 7D010000 		.4byte	.LASF27
 718 01ad 01       		.byte	0x1
 719 01ae 1F       		.byte	0x1f
 720 01af B9000000 		.4byte	0xb9
 721 01b3 90000000 		.4byte	.LLST4
 722 01b7 0F       		.uleb128 0xf
 723 01b8 27010000 		.4byte	.LASF28
 724 01bc 01       		.byte	0x1
 725 01bd 23       		.byte	0x23
 726 01be 97000000 		.4byte	0x97
 727 01c2 7F1C     		.2byte	0x1c7f
 728 01c4 08       		.uleb128 0x8
 729 01c5 10000000 		.4byte	.LVL10
 730 01c9 36010000 		.4byte	0x136
 731 01cd E2010000 		.4byte	0x1e2
 732 01d1 09       		.uleb128 0x9
 733 01d2 01       		.uleb128 0x1
 734 01d3 50       		.byte	0x50
 735 01d4 01       		.uleb128 0x1
 736 01d5 30       		.byte	0x30
 737 01d6 09       		.uleb128 0x9
 738 01d7 01       		.uleb128 0x1
 739 01d8 51       		.byte	0x51
 740 01d9 01       		.uleb128 0x1
 741 01da 4C       		.byte	0x4c
 742 01db 09       		.uleb128 0x9
 743 01dc 01       		.uleb128 0x1
 744 01dd 52       		.byte	0x52
 745 01de 02       		.uleb128 0x2
 746 01df 08       		.byte	0x8
 747 01e0 7F       		.byte	0x7f
 748 01e1 00       		.byte	0
 749 01e2 10       		.uleb128 0x10
 750 01e3 1E000000 		.4byte	.LVL11
 751 01e7 36010000 		.4byte	0x136
 752 01eb 09       		.uleb128 0x9
 753 01ec 01       		.uleb128 0x1
 754 01ed 50       		.byte	0x50
 755 01ee 01       		.uleb128 0x1
 756 01ef 35       		.byte	0x35
 757 01f0 00       		.byte	0
 758 01f1 00       		.byte	0
 759 01f2 06       		.uleb128 0x6
 760 01f3 74000000 		.4byte	.LASF29
 761 01f7 01       		.byte	0x1
 762 01f8 66       		.byte	0x66
 763 01f9 B9000000 		.4byte	0xb9
 764 01fd 00000000 		.4byte	.LFB36
 765 0201 38000000 		.4byte	.LFE36-.LFB36
 766 0205 01       		.uleb128 0x1
 767 0206 9C       		.byte	0x9c
 768 0207 45020000 		.4byte	0x245
 769 020b 07       		.uleb128 0x7
 770 020c 69020000 		.4byte	.LASF26
 771 0210 01       		.byte	0x1
 772 0211 68       		.byte	0x68
ARM GAS  C:\Users\PRICHA~1\AppData\Local\Temp\cc2obTlA.s 			page 18


 773 0212 B9000000 		.4byte	0xb9
 774 0216 C0000000 		.4byte	.LLST5
 775 021a 08       		.uleb128 0x8
 776 021b 1A000000 		.4byte	.LVL12
 777 021f 7D040000 		.4byte	0x47d
 778 0223 3B020000 		.4byte	0x23b
 779 0227 09       		.uleb128 0x9
 780 0228 01       		.uleb128 0x1
 781 0229 51       		.byte	0x51
 782 022a 05       		.uleb128 0x5
 783 022b 03       		.byte	0x3
 784 022c 04000000 		.4byte	.LANCHOR1+4
 785 0230 09       		.uleb128 0x9
 786 0231 01       		.uleb128 0x1
 787 0232 52       		.byte	0x52
 788 0233 01       		.uleb128 0x1
 789 0234 32       		.byte	0x32
 790 0235 09       		.uleb128 0x9
 791 0236 01       		.uleb128 0x1
 792 0237 53       		.byte	0x53
 793 0238 01       		.uleb128 0x1
 794 0239 30       		.byte	0x30
 795 023a 00       		.byte	0
 796 023b 0A       		.uleb128 0xa
 797 023c 20000000 		.4byte	.LVL14
 798 0240 71040000 		.4byte	0x471
 799 0244 00       		.byte	0
 800 0245 06       		.uleb128 0x6
 801 0246 97000000 		.4byte	.LASF30
 802 024a 01       		.byte	0x1
 803 024b 3E       		.byte	0x3e
 804 024c B9000000 		.4byte	0xb9
 805 0250 00000000 		.4byte	.LFB34
 806 0254 1C000000 		.4byte	.LFE34-.LFB34
 807 0258 01       		.uleb128 0x1
 808 0259 9C       		.byte	0x9c
 809 025a 8F020000 		.4byte	0x28f
 810 025e 0C       		.uleb128 0xc
 811 025f AA010000 		.4byte	.LASF31
 812 0263 01       		.byte	0x1
 813 0264 3E       		.byte	0x3e
 814 0265 AD000000 		.4byte	0xad
 815 0269 DE000000 		.4byte	.LLST6
 816 026d 07       		.uleb128 0x7
 817 026e 69020000 		.4byte	.LASF26
 818 0272 01       		.byte	0x1
 819 0273 3F       		.byte	0x3f
 820 0274 B9000000 		.4byte	0xb9
 821 0278 FF000000 		.4byte	.LLST7
 822 027c 0A       		.uleb128 0xa
 823 027d 0E000000 		.4byte	.LVL17
 824 0281 E8000000 		.4byte	0xe8
 825 0285 0A       		.uleb128 0xa
 826 0286 16000000 		.4byte	.LVL18
 827 028a F2010000 		.4byte	0x1f2
 828 028e 00       		.byte	0
 829 028f 06       		.uleb128 0x6
ARM GAS  C:\Users\PRICHA~1\AppData\Local\Temp\cc2obTlA.s 			page 19


 830 0290 6E010000 		.4byte	.LASF32
 831 0294 01       		.byte	0x1
 832 0295 7B       		.byte	0x7b
 833 0296 8C000000 		.4byte	0x8c
 834 029a 00000000 		.4byte	.LFB37
 835 029e 40000000 		.4byte	.LFE37-.LFB37
 836 02a2 01       		.uleb128 0x1
 837 02a3 9C       		.byte	0x9c
 838 02a4 F2020000 		.4byte	0x2f2
 839 02a8 0C       		.uleb128 0xc
 840 02a9 F8000000 		.4byte	.LASF33
 841 02ad 01       		.byte	0x1
 842 02ae 7B       		.byte	0x7b
 843 02af B9000000 		.4byte	0xb9
 844 02b3 12010000 		.4byte	.LLST8
 845 02b7 07       		.uleb128 0x7
 846 02b8 69020000 		.4byte	.LASF26
 847 02bc 01       		.byte	0x1
 848 02bd 7D       		.byte	0x7d
 849 02be B9000000 		.4byte	0xb9
 850 02c2 42010000 		.4byte	.LLST9
 851 02c6 07       		.uleb128 0x7
 852 02c7 3D000000 		.4byte	.LASF34
 853 02cb 01       		.byte	0x1
 854 02cc 80       		.byte	0x80
 855 02cd 8C000000 		.4byte	0x8c
 856 02d1 83010000 		.4byte	.LLST10
 857 02d5 08       		.uleb128 0x8
 858 02d6 14000000 		.4byte	.LVL21
 859 02da 36010000 		.4byte	0x136
 860 02de E8020000 		.4byte	0x2e8
 861 02e2 09       		.uleb128 0x9
 862 02e3 01       		.uleb128 0x1
 863 02e4 50       		.byte	0x50
 864 02e5 01       		.uleb128 0x1
 865 02e6 35       		.byte	0x35
 866 02e7 00       		.byte	0
 867 02e8 0A       		.uleb128 0xa
 868 02e9 1E000000 		.4byte	.LVL23
 869 02ed 45020000 		.4byte	0x245
 870 02f1 00       		.byte	0
 871 02f2 11       		.uleb128 0x11
 872 02f3 89000000 		.4byte	.LASF35
 873 02f7 01       		.byte	0x1
 874 02f8 99       		.byte	0x99
 875 02f9 C5000000 		.4byte	0xc5
 876 02fd 00000000 		.4byte	.LFB38
 877 0301 18000000 		.4byte	.LFE38-.LFB38
 878 0305 01       		.uleb128 0x1
 879 0306 9C       		.byte	0x9c
 880 0307 39030000 		.4byte	0x339
 881 030b 0C       		.uleb128 0xc
 882 030c 7D010000 		.4byte	.LASF27
 883 0310 01       		.byte	0x1
 884 0311 99       		.byte	0x99
 885 0312 B9000000 		.4byte	0xb9
 886 0316 B9010000 		.4byte	.LLST11
ARM GAS  C:\Users\PRICHA~1\AppData\Local\Temp\cc2obTlA.s 			page 20


 887 031a 0D       		.uleb128 0xd
 888 031b 1B000000 		.4byte	.LASF36
 889 031f 01       		.byte	0x1
 890 0320 9A       		.byte	0x9a
 891 0321 C5000000 		.4byte	0xc5
 892 0325 01       		.uleb128 0x1
 893 0326 50       		.byte	0x50
 894 0327 10       		.uleb128 0x10
 895 0328 06000000 		.4byte	.LVL32
 896 032c 8F020000 		.4byte	0x28f
 897 0330 09       		.uleb128 0x9
 898 0331 01       		.uleb128 0x1
 899 0332 50       		.byte	0x50
 900 0333 03       		.uleb128 0x3
 901 0334 F3       		.byte	0xf3
 902 0335 01       		.uleb128 0x1
 903 0336 50       		.byte	0x50
 904 0337 00       		.byte	0
 905 0338 00       		.byte	0
 906 0339 06       		.uleb128 0x6
 907 033a 4E020000 		.4byte	.LASF37
 908 033e 01       		.byte	0x1
 909 033f 9E       		.byte	0x9e
 910 0340 8C000000 		.4byte	0x8c
 911 0344 00000000 		.4byte	.LFB39
 912 0348 34000000 		.4byte	.LFE39-.LFB39
 913 034c 01       		.uleb128 0x1
 914 034d 9C       		.byte	0x9c
 915 034e A6030000 		.4byte	0x3a6
 916 0352 0C       		.uleb128 0xc
 917 0353 F8000000 		.4byte	.LASF33
 918 0357 01       		.byte	0x1
 919 0358 9E       		.byte	0x9e
 920 0359 B9000000 		.4byte	0xb9
 921 035d DA010000 		.4byte	.LLST12
 922 0361 07       		.uleb128 0x7
 923 0362 3D000000 		.4byte	.LASF34
 924 0366 01       		.byte	0x1
 925 0367 A0       		.byte	0xa0
 926 0368 97000000 		.4byte	0x97
 927 036c 0A020000 		.4byte	.LLST13
 928 0370 08       		.uleb128 0x8
 929 0371 0C000000 		.4byte	.LVL38
 930 0375 45020000 		.4byte	0x245
 931 0379 83030000 		.4byte	0x383
 932 037d 09       		.uleb128 0x9
 933 037e 01       		.uleb128 0x1
 934 037f 50       		.byte	0x50
 935 0380 01       		.uleb128 0x1
 936 0381 32       		.byte	0x32
 937 0382 00       		.byte	0
 938 0383 08       		.uleb128 0x8
 939 0384 12000000 		.4byte	.LVL39
 940 0388 89040000 		.4byte	0x489
 941 038c 96030000 		.4byte	0x396
 942 0390 09       		.uleb128 0x9
 943 0391 01       		.uleb128 0x1
ARM GAS  C:\Users\PRICHA~1\AppData\Local\Temp\cc2obTlA.s 			page 21


 944 0392 50       		.byte	0x50
 945 0393 01       		.uleb128 0x1
 946 0394 31       		.byte	0x31
 947 0395 00       		.byte	0
 948 0396 10       		.uleb128 0x10
 949 0397 24000000 		.4byte	.LVL41
 950 039b 89040000 		.4byte	0x489
 951 039f 09       		.uleb128 0x9
 952 03a0 01       		.uleb128 0x1
 953 03a1 50       		.byte	0x50
 954 03a2 01       		.uleb128 0x1
 955 03a3 31       		.byte	0x31
 956 03a4 00       		.byte	0
 957 03a5 00       		.byte	0
 958 03a6 11       		.uleb128 0x11
 959 03a7 DB020000 		.4byte	.LASF38
 960 03ab 01       		.byte	0x1
 961 03ac AB       		.byte	0xab
 962 03ad C5000000 		.4byte	0xc5
 963 03b1 00000000 		.4byte	.LFB40
 964 03b5 20000000 		.4byte	.LFE40-.LFB40
 965 03b9 01       		.uleb128 0x1
 966 03ba 9C       		.byte	0x9c
 967 03bb EF030000 		.4byte	0x3ef
 968 03bf 0C       		.uleb128 0xc
 969 03c0 F8000000 		.4byte	.LASF33
 970 03c4 01       		.byte	0x1
 971 03c5 AB       		.byte	0xab
 972 03c6 B9000000 		.4byte	0xb9
 973 03ca 29020000 		.4byte	.LLST14
 974 03ce 07       		.uleb128 0x7
 975 03cf 3D000000 		.4byte	.LASF34
 976 03d3 01       		.byte	0x1
 977 03d4 AC       		.byte	0xac
 978 03d5 8C000000 		.4byte	0x8c
 979 03d9 4A020000 		.4byte	.LLST15
 980 03dd 10       		.uleb128 0x10
 981 03de 06000000 		.4byte	.LVL44
 982 03e2 39030000 		.4byte	0x339
 983 03e6 09       		.uleb128 0x9
 984 03e7 01       		.uleb128 0x1
 985 03e8 50       		.byte	0x50
 986 03e9 03       		.uleb128 0x3
 987 03ea F3       		.byte	0xf3
 988 03eb 01       		.uleb128 0x1
 989 03ec 50       		.byte	0x50
 990 03ed 00       		.byte	0
 991 03ee 00       		.byte	0
 992 03ef 12       		.uleb128 0x12
 993 03f0 AD000000 		.4byte	0xad
 994 03f4 FF030000 		.4byte	0x3ff
 995 03f8 13       		.uleb128 0x13
 996 03f9 E1000000 		.4byte	0xe1
 997 03fd 09       		.byte	0x9
 998 03fe 00       		.byte	0
 999 03ff 0D       		.uleb128 0xd
 1000 0400 1A010000 		.4byte	.LASF39
ARM GAS  C:\Users\PRICHA~1\AppData\Local\Temp\cc2obTlA.s 			page 22


 1001 0404 01       		.byte	0x1
 1002 0405 11       		.byte	0x11
 1003 0406 EF030000 		.4byte	0x3ef
 1004 040a 05       		.uleb128 0x5
 1005 040b 03       		.byte	0x3
 1006 040c 04000000 		.4byte	I2C_INA_buff
 1007 0410 0D       		.uleb128 0xd
 1008 0411 4B010000 		.4byte	.LASF40
 1009 0415 01       		.byte	0x1
 1010 0416 14       		.byte	0x14
 1011 0417 B9000000 		.4byte	0xb9
 1012 041b 05       		.uleb128 0x5
 1013 041c 03       		.byte	0x3
 1014 041d 00000000 		.4byte	I2C_INA_buffIndex
 1015 0421 0D       		.uleb128 0xd
 1016 0422 A8000000 		.4byte	.LASF41
 1017 0426 01       		.byte	0x1
 1018 0427 17       		.byte	0x17
 1019 0428 B9000000 		.4byte	0xb9
 1020 042c 05       		.uleb128 0x5
 1021 042d 03       		.byte	0x3
 1022 042e 00000000 		.4byte	I2C_INA_address
 1023 0432 14       		.uleb128 0x14
 1024 0433 43000000 		.4byte	.LASF42
 1025 0437 01       		.byte	0x1
 1026 0438 1A       		.byte	0x1a
 1027 0439 A2000000 		.4byte	0xa2
 1028 043d 05       		.uleb128 0x5
 1029 043e 03       		.byte	0x3
 1030 043f 00000000 		.4byte	ina219_calValue
 1031 0443 14       		.uleb128 0x14
 1032 0444 53000000 		.4byte	.LASF43
 1033 0448 01       		.byte	0x1
 1034 0449 1B       		.byte	0x1b
 1035 044a C5000000 		.4byte	0xc5
 1036 044e 05       		.uleb128 0x5
 1037 044f 03       		.byte	0x3
 1038 0450 00000000 		.4byte	ina219_calScale
 1039 0454 14       		.uleb128 0x14
 1040 0455 00000000 		.4byte	.LASF44
 1041 0459 01       		.byte	0x1
 1042 045a 1D       		.byte	0x1d
 1043 045b A2000000 		.4byte	0xa2
 1044 045f 05       		.uleb128 0x5
 1045 0460 03       		.byte	0x3
 1046 0461 00000000 		.4byte	ReadData
 1047 0465 15       		.uleb128 0x15
 1048 0466 27000000 		.4byte	.LASF45
 1049 046a 27000000 		.4byte	.LASF45
 1050 046e 05       		.byte	0x5
 1051 046f 1301     		.2byte	0x113
 1052 0471 15       		.uleb128 0x15
 1053 0472 C4000000 		.4byte	.LASF46
 1054 0476 C4000000 		.4byte	.LASF46
 1055 047a 05       		.byte	0x5
 1056 047b 0F01     		.2byte	0x10f
 1057 047d 15       		.uleb128 0x15
ARM GAS  C:\Users\PRICHA~1\AppData\Local\Temp\cc2obTlA.s 			page 23


 1058 047e 2A030000 		.4byte	.LASF47
 1059 0482 2A030000 		.4byte	.LASF47
 1060 0486 05       		.byte	0x5
 1061 0487 1401     		.2byte	0x114
 1062 0489 16       		.uleb128 0x16
 1063 048a 3F030000 		.4byte	.LASF48
 1064 048e 3F030000 		.4byte	.LASF48
 1065 0492 06       		.byte	0x6
 1066 0493 EC       		.byte	0xec
 1067 0494 00       		.byte	0
 1068              		.section	.debug_abbrev,"",%progbits
 1069              	.Ldebug_abbrev0:
 1070 0000 01       		.uleb128 0x1
 1071 0001 11       		.uleb128 0x11
 1072 0002 01       		.byte	0x1
 1073 0003 25       		.uleb128 0x25
 1074 0004 0E       		.uleb128 0xe
 1075 0005 13       		.uleb128 0x13
 1076 0006 0B       		.uleb128 0xb
 1077 0007 03       		.uleb128 0x3
 1078 0008 0E       		.uleb128 0xe
 1079 0009 1B       		.uleb128 0x1b
 1080 000a 0E       		.uleb128 0xe
 1081 000b 55       		.uleb128 0x55
 1082 000c 17       		.uleb128 0x17
 1083 000d 11       		.uleb128 0x11
 1084 000e 01       		.uleb128 0x1
 1085 000f 10       		.uleb128 0x10
 1086 0010 17       		.uleb128 0x17
 1087 0011 00       		.byte	0
 1088 0012 00       		.byte	0
 1089 0013 02       		.uleb128 0x2
 1090 0014 24       		.uleb128 0x24
 1091 0015 00       		.byte	0
 1092 0016 0B       		.uleb128 0xb
 1093 0017 0B       		.uleb128 0xb
 1094 0018 3E       		.uleb128 0x3e
 1095 0019 0B       		.uleb128 0xb
 1096 001a 03       		.uleb128 0x3
 1097 001b 0E       		.uleb128 0xe
 1098 001c 00       		.byte	0
 1099 001d 00       		.byte	0
 1100 001e 03       		.uleb128 0x3
 1101 001f 16       		.uleb128 0x16
 1102 0020 00       		.byte	0
 1103 0021 03       		.uleb128 0x3
 1104 0022 0E       		.uleb128 0xe
 1105 0023 3A       		.uleb128 0x3a
 1106 0024 0B       		.uleb128 0xb
 1107 0025 3B       		.uleb128 0x3b
 1108 0026 0B       		.uleb128 0xb
 1109 0027 49       		.uleb128 0x49
 1110 0028 13       		.uleb128 0x13
 1111 0029 00       		.byte	0
 1112 002a 00       		.byte	0
 1113 002b 04       		.uleb128 0x4
 1114 002c 24       		.uleb128 0x24
ARM GAS  C:\Users\PRICHA~1\AppData\Local\Temp\cc2obTlA.s 			page 24


 1115 002d 00       		.byte	0
 1116 002e 0B       		.uleb128 0xb
 1117 002f 0B       		.uleb128 0xb
 1118 0030 3E       		.uleb128 0x3e
 1119 0031 0B       		.uleb128 0xb
 1120 0032 03       		.uleb128 0x3
 1121 0033 08       		.uleb128 0x8
 1122 0034 00       		.byte	0
 1123 0035 00       		.byte	0
 1124 0036 05       		.uleb128 0x5
 1125 0037 16       		.uleb128 0x16
 1126 0038 00       		.byte	0
 1127 0039 03       		.uleb128 0x3
 1128 003a 0E       		.uleb128 0xe
 1129 003b 3A       		.uleb128 0x3a
 1130 003c 0B       		.uleb128 0xb
 1131 003d 3B       		.uleb128 0x3b
 1132 003e 05       		.uleb128 0x5
 1133 003f 49       		.uleb128 0x49
 1134 0040 13       		.uleb128 0x13
 1135 0041 00       		.byte	0
 1136 0042 00       		.byte	0
 1137 0043 06       		.uleb128 0x6
 1138 0044 2E       		.uleb128 0x2e
 1139 0045 01       		.byte	0x1
 1140 0046 3F       		.uleb128 0x3f
 1141 0047 19       		.uleb128 0x19
 1142 0048 03       		.uleb128 0x3
 1143 0049 0E       		.uleb128 0xe
 1144 004a 3A       		.uleb128 0x3a
 1145 004b 0B       		.uleb128 0xb
 1146 004c 3B       		.uleb128 0x3b
 1147 004d 0B       		.uleb128 0xb
 1148 004e 27       		.uleb128 0x27
 1149 004f 19       		.uleb128 0x19
 1150 0050 49       		.uleb128 0x49
 1151 0051 13       		.uleb128 0x13
 1152 0052 11       		.uleb128 0x11
 1153 0053 01       		.uleb128 0x1
 1154 0054 12       		.uleb128 0x12
 1155 0055 06       		.uleb128 0x6
 1156 0056 40       		.uleb128 0x40
 1157 0057 18       		.uleb128 0x18
 1158 0058 9742     		.uleb128 0x2117
 1159 005a 19       		.uleb128 0x19
 1160 005b 01       		.uleb128 0x1
 1161 005c 13       		.uleb128 0x13
 1162 005d 00       		.byte	0
 1163 005e 00       		.byte	0
 1164 005f 07       		.uleb128 0x7
 1165 0060 34       		.uleb128 0x34
 1166 0061 00       		.byte	0
 1167 0062 03       		.uleb128 0x3
 1168 0063 0E       		.uleb128 0xe
 1169 0064 3A       		.uleb128 0x3a
 1170 0065 0B       		.uleb128 0xb
 1171 0066 3B       		.uleb128 0x3b
ARM GAS  C:\Users\PRICHA~1\AppData\Local\Temp\cc2obTlA.s 			page 25


 1172 0067 0B       		.uleb128 0xb
 1173 0068 49       		.uleb128 0x49
 1174 0069 13       		.uleb128 0x13
 1175 006a 02       		.uleb128 0x2
 1176 006b 17       		.uleb128 0x17
 1177 006c 00       		.byte	0
 1178 006d 00       		.byte	0
 1179 006e 08       		.uleb128 0x8
 1180 006f 898201   		.uleb128 0x4109
 1181 0072 01       		.byte	0x1
 1182 0073 11       		.uleb128 0x11
 1183 0074 01       		.uleb128 0x1
 1184 0075 31       		.uleb128 0x31
 1185 0076 13       		.uleb128 0x13
 1186 0077 01       		.uleb128 0x1
 1187 0078 13       		.uleb128 0x13
 1188 0079 00       		.byte	0
 1189 007a 00       		.byte	0
 1190 007b 09       		.uleb128 0x9
 1191 007c 8A8201   		.uleb128 0x410a
 1192 007f 00       		.byte	0
 1193 0080 02       		.uleb128 0x2
 1194 0081 18       		.uleb128 0x18
 1195 0082 9142     		.uleb128 0x2111
 1196 0084 18       		.uleb128 0x18
 1197 0085 00       		.byte	0
 1198 0086 00       		.byte	0
 1199 0087 0A       		.uleb128 0xa
 1200 0088 898201   		.uleb128 0x4109
 1201 008b 00       		.byte	0
 1202 008c 11       		.uleb128 0x11
 1203 008d 01       		.uleb128 0x1
 1204 008e 31       		.uleb128 0x31
 1205 008f 13       		.uleb128 0x13
 1206 0090 00       		.byte	0
 1207 0091 00       		.byte	0
 1208 0092 0B       		.uleb128 0xb
 1209 0093 05       		.uleb128 0x5
 1210 0094 00       		.byte	0
 1211 0095 03       		.uleb128 0x3
 1212 0096 08       		.uleb128 0x8
 1213 0097 3A       		.uleb128 0x3a
 1214 0098 0B       		.uleb128 0xb
 1215 0099 3B       		.uleb128 0x3b
 1216 009a 0B       		.uleb128 0xb
 1217 009b 49       		.uleb128 0x49
 1218 009c 13       		.uleb128 0x13
 1219 009d 02       		.uleb128 0x2
 1220 009e 17       		.uleb128 0x17
 1221 009f 00       		.byte	0
 1222 00a0 00       		.byte	0
 1223 00a1 0C       		.uleb128 0xc
 1224 00a2 05       		.uleb128 0x5
 1225 00a3 00       		.byte	0
 1226 00a4 03       		.uleb128 0x3
 1227 00a5 0E       		.uleb128 0xe
 1228 00a6 3A       		.uleb128 0x3a
ARM GAS  C:\Users\PRICHA~1\AppData\Local\Temp\cc2obTlA.s 			page 26


 1229 00a7 0B       		.uleb128 0xb
 1230 00a8 3B       		.uleb128 0x3b
 1231 00a9 0B       		.uleb128 0xb
 1232 00aa 49       		.uleb128 0x49
 1233 00ab 13       		.uleb128 0x13
 1234 00ac 02       		.uleb128 0x2
 1235 00ad 17       		.uleb128 0x17
 1236 00ae 00       		.byte	0
 1237 00af 00       		.byte	0
 1238 00b0 0D       		.uleb128 0xd
 1239 00b1 34       		.uleb128 0x34
 1240 00b2 00       		.byte	0
 1241 00b3 03       		.uleb128 0x3
 1242 00b4 0E       		.uleb128 0xe
 1243 00b5 3A       		.uleb128 0x3a
 1244 00b6 0B       		.uleb128 0xb
 1245 00b7 3B       		.uleb128 0x3b
 1246 00b8 0B       		.uleb128 0xb
 1247 00b9 49       		.uleb128 0x49
 1248 00ba 13       		.uleb128 0x13
 1249 00bb 02       		.uleb128 0x2
 1250 00bc 18       		.uleb128 0x18
 1251 00bd 00       		.byte	0
 1252 00be 00       		.byte	0
 1253 00bf 0E       		.uleb128 0xe
 1254 00c0 2E       		.uleb128 0x2e
 1255 00c1 01       		.byte	0x1
 1256 00c2 3F       		.uleb128 0x3f
 1257 00c3 19       		.uleb128 0x19
 1258 00c4 03       		.uleb128 0x3
 1259 00c5 0E       		.uleb128 0xe
 1260 00c6 3A       		.uleb128 0x3a
 1261 00c7 0B       		.uleb128 0xb
 1262 00c8 3B       		.uleb128 0x3b
 1263 00c9 0B       		.uleb128 0xb
 1264 00ca 27       		.uleb128 0x27
 1265 00cb 19       		.uleb128 0x19
 1266 00cc 11       		.uleb128 0x11
 1267 00cd 01       		.uleb128 0x1
 1268 00ce 12       		.uleb128 0x12
 1269 00cf 06       		.uleb128 0x6
 1270 00d0 40       		.uleb128 0x40
 1271 00d1 18       		.uleb128 0x18
 1272 00d2 9742     		.uleb128 0x2117
 1273 00d4 19       		.uleb128 0x19
 1274 00d5 01       		.uleb128 0x1
 1275 00d6 13       		.uleb128 0x13
 1276 00d7 00       		.byte	0
 1277 00d8 00       		.byte	0
 1278 00d9 0F       		.uleb128 0xf
 1279 00da 34       		.uleb128 0x34
 1280 00db 00       		.byte	0
 1281 00dc 03       		.uleb128 0x3
 1282 00dd 0E       		.uleb128 0xe
 1283 00de 3A       		.uleb128 0x3a
 1284 00df 0B       		.uleb128 0xb
 1285 00e0 3B       		.uleb128 0x3b
ARM GAS  C:\Users\PRICHA~1\AppData\Local\Temp\cc2obTlA.s 			page 27


 1286 00e1 0B       		.uleb128 0xb
 1287 00e2 49       		.uleb128 0x49
 1288 00e3 13       		.uleb128 0x13
 1289 00e4 1C       		.uleb128 0x1c
 1290 00e5 05       		.uleb128 0x5
 1291 00e6 00       		.byte	0
 1292 00e7 00       		.byte	0
 1293 00e8 10       		.uleb128 0x10
 1294 00e9 898201   		.uleb128 0x4109
 1295 00ec 01       		.byte	0x1
 1296 00ed 11       		.uleb128 0x11
 1297 00ee 01       		.uleb128 0x1
 1298 00ef 31       		.uleb128 0x31
 1299 00f0 13       		.uleb128 0x13
 1300 00f1 00       		.byte	0
 1301 00f2 00       		.byte	0
 1302 00f3 11       		.uleb128 0x11
 1303 00f4 2E       		.uleb128 0x2e
 1304 00f5 01       		.byte	0x1
 1305 00f6 3F       		.uleb128 0x3f
 1306 00f7 19       		.uleb128 0x19
 1307 00f8 03       		.uleb128 0x3
 1308 00f9 0E       		.uleb128 0xe
 1309 00fa 3A       		.uleb128 0x3a
 1310 00fb 0B       		.uleb128 0xb
 1311 00fc 3B       		.uleb128 0x3b
 1312 00fd 0B       		.uleb128 0xb
 1313 00fe 27       		.uleb128 0x27
 1314 00ff 19       		.uleb128 0x19
 1315 0100 49       		.uleb128 0x49
 1316 0101 13       		.uleb128 0x13
 1317 0102 11       		.uleb128 0x11
 1318 0103 01       		.uleb128 0x1
 1319 0104 12       		.uleb128 0x12
 1320 0105 06       		.uleb128 0x6
 1321 0106 40       		.uleb128 0x40
 1322 0107 18       		.uleb128 0x18
 1323 0108 9642     		.uleb128 0x2116
 1324 010a 19       		.uleb128 0x19
 1325 010b 01       		.uleb128 0x1
 1326 010c 13       		.uleb128 0x13
 1327 010d 00       		.byte	0
 1328 010e 00       		.byte	0
 1329 010f 12       		.uleb128 0x12
 1330 0110 01       		.uleb128 0x1
 1331 0111 01       		.byte	0x1
 1332 0112 49       		.uleb128 0x49
 1333 0113 13       		.uleb128 0x13
 1334 0114 01       		.uleb128 0x1
 1335 0115 13       		.uleb128 0x13
 1336 0116 00       		.byte	0
 1337 0117 00       		.byte	0
 1338 0118 13       		.uleb128 0x13
 1339 0119 21       		.uleb128 0x21
 1340 011a 00       		.byte	0
 1341 011b 49       		.uleb128 0x49
 1342 011c 13       		.uleb128 0x13
ARM GAS  C:\Users\PRICHA~1\AppData\Local\Temp\cc2obTlA.s 			page 28


 1343 011d 2F       		.uleb128 0x2f
 1344 011e 0B       		.uleb128 0xb
 1345 011f 00       		.byte	0
 1346 0120 00       		.byte	0
 1347 0121 14       		.uleb128 0x14
 1348 0122 34       		.uleb128 0x34
 1349 0123 00       		.byte	0
 1350 0124 03       		.uleb128 0x3
 1351 0125 0E       		.uleb128 0xe
 1352 0126 3A       		.uleb128 0x3a
 1353 0127 0B       		.uleb128 0xb
 1354 0128 3B       		.uleb128 0x3b
 1355 0129 0B       		.uleb128 0xb
 1356 012a 49       		.uleb128 0x49
 1357 012b 13       		.uleb128 0x13
 1358 012c 3F       		.uleb128 0x3f
 1359 012d 19       		.uleb128 0x19
 1360 012e 02       		.uleb128 0x2
 1361 012f 18       		.uleb128 0x18
 1362 0130 00       		.byte	0
 1363 0131 00       		.byte	0
 1364 0132 15       		.uleb128 0x15
 1365 0133 2E       		.uleb128 0x2e
 1366 0134 00       		.byte	0
 1367 0135 3F       		.uleb128 0x3f
 1368 0136 19       		.uleb128 0x19
 1369 0137 3C       		.uleb128 0x3c
 1370 0138 19       		.uleb128 0x19
 1371 0139 6E       		.uleb128 0x6e
 1372 013a 0E       		.uleb128 0xe
 1373 013b 03       		.uleb128 0x3
 1374 013c 0E       		.uleb128 0xe
 1375 013d 3A       		.uleb128 0x3a
 1376 013e 0B       		.uleb128 0xb
 1377 013f 3B       		.uleb128 0x3b
 1378 0140 05       		.uleb128 0x5
 1379 0141 00       		.byte	0
 1380 0142 00       		.byte	0
 1381 0143 16       		.uleb128 0x16
 1382 0144 2E       		.uleb128 0x2e
 1383 0145 00       		.byte	0
 1384 0146 3F       		.uleb128 0x3f
 1385 0147 19       		.uleb128 0x19
 1386 0148 3C       		.uleb128 0x3c
 1387 0149 19       		.uleb128 0x19
 1388 014a 6E       		.uleb128 0x6e
 1389 014b 0E       		.uleb128 0xe
 1390 014c 03       		.uleb128 0x3
 1391 014d 0E       		.uleb128 0xe
 1392 014e 3A       		.uleb128 0x3a
 1393 014f 0B       		.uleb128 0xb
 1394 0150 3B       		.uleb128 0x3b
 1395 0151 0B       		.uleb128 0xb
 1396 0152 00       		.byte	0
 1397 0153 00       		.byte	0
 1398 0154 00       		.byte	0
 1399              		.section	.debug_loc,"",%progbits
ARM GAS  C:\Users\PRICHA~1\AppData\Local\Temp\cc2obTlA.s 			page 29


 1400              	.Ldebug_loc0:
 1401              	.LLST0:
 1402 0000 12000000 		.4byte	.LVL1
 1403 0004 32000000 		.4byte	.LVL3
 1404 0008 0100     		.2byte	0x1
 1405 000a 54       		.byte	0x54
 1406 000b 32000000 		.4byte	.LVL3
 1407 000f 3C000000 		.4byte	.LFE35
 1408 0013 0100     		.2byte	0x1
 1409 0015 50       		.byte	0x50
 1410 0016 00000000 		.4byte	0
 1411 001a 00000000 		.4byte	0
 1412              	.LLST1:
 1413 001e 00000000 		.4byte	.LVL4
 1414 0022 11000000 		.4byte	.LVL6-1
 1415 0026 0100     		.2byte	0x1
 1416 0028 50       		.byte	0x50
 1417 0029 11000000 		.4byte	.LVL6-1
 1418 002d 18000000 		.4byte	.LFE33
 1419 0031 0400     		.2byte	0x4
 1420 0033 F3       		.byte	0xf3
 1421 0034 01       		.uleb128 0x1
 1422 0035 50       		.byte	0x50
 1423 0036 9F       		.byte	0x9f
 1424 0037 00000000 		.4byte	0
 1425 003b 00000000 		.4byte	0
 1426              	.LLST2:
 1427 003f 00000000 		.4byte	.LVL4
 1428 0043 11000000 		.4byte	.LVL6-1
 1429 0047 0100     		.2byte	0x1
 1430 0049 51       		.byte	0x51
 1431 004a 11000000 		.4byte	.LVL6-1
 1432 004e 18000000 		.4byte	.LFE33
 1433 0052 0400     		.2byte	0x4
 1434 0054 F3       		.byte	0xf3
 1435 0055 01       		.uleb128 0x1
 1436 0056 51       		.byte	0x51
 1437 0057 9F       		.byte	0x9f
 1438 0058 00000000 		.4byte	0
 1439 005c 00000000 		.4byte	0
 1440              	.LLST3:
 1441 0060 00000000 		.4byte	.LVL4
 1442 0064 0C000000 		.4byte	.LVL5
 1443 0068 0100     		.2byte	0x1
 1444 006a 52       		.byte	0x52
 1445 006b 0C000000 		.4byte	.LVL5
 1446 006f 11000000 		.4byte	.LVL6-1
 1447 0073 0500     		.2byte	0x5
 1448 0075 03       		.byte	0x3
 1449 0076 06000000 		.4byte	I2C_INA_buff+2
 1450 007a 11000000 		.4byte	.LVL6-1
 1451 007e 18000000 		.4byte	.LFE33
 1452 0082 0400     		.2byte	0x4
 1453 0084 F3       		.byte	0xf3
 1454 0085 01       		.uleb128 0x1
 1455 0086 52       		.byte	0x52
 1456 0087 9F       		.byte	0x9f
ARM GAS  C:\Users\PRICHA~1\AppData\Local\Temp\cc2obTlA.s 			page 30


 1457 0088 00000000 		.4byte	0
 1458 008c 00000000 		.4byte	0
 1459              	.LLST4:
 1460 0090 00000000 		.4byte	.LVL7
 1461 0094 0C000000 		.4byte	.LVL9
 1462 0098 0100     		.2byte	0x1
 1463 009a 50       		.byte	0x50
 1464 009b 0C000000 		.4byte	.LVL9
 1465 009f 0F000000 		.4byte	.LVL10-1
 1466 00a3 0500     		.2byte	0x5
 1467 00a5 03       		.byte	0x3
 1468 00a6 00000000 		.4byte	I2C_INA_address
 1469 00aa 0F000000 		.4byte	.LVL10-1
 1470 00ae 24000000 		.4byte	.LFE32
 1471 00b2 0400     		.2byte	0x4
 1472 00b4 F3       		.byte	0xf3
 1473 00b5 01       		.uleb128 0x1
 1474 00b6 50       		.byte	0x50
 1475 00b7 9F       		.byte	0x9f
 1476 00b8 00000000 		.4byte	0
 1477 00bc 00000000 		.4byte	0
 1478              	.LLST5:
 1479 00c0 1C000000 		.4byte	.LVL13
 1480 00c4 2C000000 		.4byte	.LVL15
 1481 00c8 0100     		.2byte	0x1
 1482 00ca 54       		.byte	0x54
 1483 00cb 2C000000 		.4byte	.LVL15
 1484 00cf 38000000 		.4byte	.LFE36
 1485 00d3 0100     		.2byte	0x1
 1486 00d5 50       		.byte	0x50
 1487 00d6 00000000 		.4byte	0
 1488 00da 00000000 		.4byte	0
 1489              	.LLST6:
 1490 00de 00000000 		.4byte	.LVL16
 1491 00e2 0D000000 		.4byte	.LVL17-1
 1492 00e6 0100     		.2byte	0x1
 1493 00e8 50       		.byte	0x50
 1494 00e9 0D000000 		.4byte	.LVL17-1
 1495 00ed 1C000000 		.4byte	.LFE34
 1496 00f1 0400     		.2byte	0x4
 1497 00f3 F3       		.byte	0xf3
 1498 00f4 01       		.uleb128 0x1
 1499 00f5 50       		.byte	0x50
 1500 00f6 9F       		.byte	0x9f
 1501 00f7 00000000 		.4byte	0
 1502 00fb 00000000 		.4byte	0
 1503              	.LLST7:
 1504 00ff 0E000000 		.4byte	.LVL17
 1505 0103 15000000 		.4byte	.LVL18-1
 1506 0107 0100     		.2byte	0x1
 1507 0109 50       		.byte	0x50
 1508 010a 00000000 		.4byte	0
 1509 010e 00000000 		.4byte	0
 1510              	.LLST8:
 1511 0112 00000000 		.4byte	.LVL19
 1512 0116 10000000 		.4byte	.LVL20
 1513 011a 0100     		.2byte	0x1
ARM GAS  C:\Users\PRICHA~1\AppData\Local\Temp\cc2obTlA.s 			page 31


 1514 011c 50       		.byte	0x50
 1515 011d 10000000 		.4byte	.LVL20
 1516 0121 13000000 		.4byte	.LVL21-1
 1517 0125 0500     		.2byte	0x5
 1518 0127 03       		.byte	0x3
 1519 0128 00000000 		.4byte	I2C_INA_address
 1520 012c 13000000 		.4byte	.LVL21-1
 1521 0130 40000000 		.4byte	.LFE37
 1522 0134 0400     		.2byte	0x4
 1523 0136 F3       		.byte	0xf3
 1524 0137 01       		.uleb128 0x1
 1525 0138 50       		.byte	0x50
 1526 0139 9F       		.byte	0x9f
 1527 013a 00000000 		.4byte	0
 1528 013e 00000000 		.4byte	0
 1529              	.LLST9:
 1530 0142 14000000 		.4byte	.LVL21
 1531 0146 1A000000 		.4byte	.LVL22
 1532 014a 0100     		.2byte	0x1
 1533 014c 50       		.byte	0x50
 1534 014d 1A000000 		.4byte	.LVL22
 1535 0151 1D000000 		.4byte	.LVL23-1
 1536 0155 0300     		.2byte	0x3
 1537 0157 70       		.byte	0x70
 1538 0158 7C       		.sleb128 -4
 1539 0159 9F       		.byte	0x9f
 1540 015a 1E000000 		.4byte	.LVL23
 1541 015e 26000000 		.4byte	.LVL24
 1542 0162 0100     		.2byte	0x1
 1543 0164 50       		.byte	0x50
 1544 0165 30000000 		.4byte	.LVL27
 1545 0169 32000000 		.4byte	.LVL28
 1546 016d 0100     		.2byte	0x1
 1547 016f 50       		.byte	0x50
 1548 0170 34000000 		.4byte	.LVL29
 1549 0174 36000000 		.4byte	.LVL30
 1550 0178 0100     		.2byte	0x1
 1551 017a 50       		.byte	0x50
 1552 017b 00000000 		.4byte	0
 1553 017f 00000000 		.4byte	0
 1554              	.LLST10:
 1555 0183 2C000000 		.4byte	.LVL25
 1556 0187 2E000000 		.4byte	.LVL26
 1557 018b 0600     		.2byte	0x6
 1558 018d 70       		.byte	0x70
 1559 018e 00       		.sleb128 0
 1560 018f 73       		.byte	0x73
 1561 0190 00       		.sleb128 0
 1562 0191 21       		.byte	0x21
 1563 0192 9F       		.byte	0x9f
 1564 0193 2E000000 		.4byte	.LVL26
 1565 0197 30000000 		.4byte	.LVL27
 1566 019b 1400     		.2byte	0x14
 1567 019d 03       		.byte	0x3
 1568 019e 04000000 		.4byte	I2C_INA_buff
 1569 01a2 94       		.byte	0x94
 1570 01a3 01       		.byte	0x1
ARM GAS  C:\Users\PRICHA~1\AppData\Local\Temp\cc2obTlA.s 			page 32


 1571 01a4 08       		.byte	0x8
 1572 01a5 FF       		.byte	0xff
 1573 01a6 1A       		.byte	0x1a
 1574 01a7 38       		.byte	0x38
 1575 01a8 24       		.byte	0x24
 1576 01a9 40       		.byte	0x40
 1577 01aa 24       		.byte	0x24
 1578 01ab 40       		.byte	0x40
 1579 01ac 26       		.byte	0x26
 1580 01ad 73       		.byte	0x73
 1581 01ae 00       		.sleb128 0
 1582 01af 21       		.byte	0x21
 1583 01b0 9F       		.byte	0x9f
 1584 01b1 00000000 		.4byte	0
 1585 01b5 00000000 		.4byte	0
 1586              	.LLST11:
 1587 01b9 00000000 		.4byte	.LVL31
 1588 01bd 05000000 		.4byte	.LVL32-1
 1589 01c1 0100     		.2byte	0x1
 1590 01c3 50       		.byte	0x50
 1591 01c4 05000000 		.4byte	.LVL32-1
 1592 01c8 18000000 		.4byte	.LFE38
 1593 01cc 0400     		.2byte	0x4
 1594 01ce F3       		.byte	0xf3
 1595 01cf 01       		.uleb128 0x1
 1596 01d0 50       		.byte	0x50
 1597 01d1 9F       		.byte	0x9f
 1598 01d2 00000000 		.4byte	0
 1599 01d6 00000000 		.4byte	0
 1600              	.LLST12:
 1601 01da 00000000 		.4byte	.LVL35
 1602 01de 08000000 		.4byte	.LVL37
 1603 01e2 0100     		.2byte	0x1
 1604 01e4 50       		.byte	0x50
 1605 01e5 08000000 		.4byte	.LVL37
 1606 01e9 0B000000 		.4byte	.LVL38-1
 1607 01ed 0500     		.2byte	0x5
 1608 01ef 03       		.byte	0x3
 1609 01f0 00000000 		.4byte	I2C_INA_address
 1610 01f4 0B000000 		.4byte	.LVL38-1
 1611 01f8 34000000 		.4byte	.LFE39
 1612 01fc 0400     		.2byte	0x4
 1613 01fe F3       		.byte	0xf3
 1614 01ff 01       		.uleb128 0x1
 1615 0200 50       		.byte	0x50
 1616 0201 9F       		.byte	0x9f
 1617 0202 00000000 		.4byte	0
 1618 0206 00000000 		.4byte	0
 1619              	.LLST13:
 1620 020a 06000000 		.4byte	.LVL36
 1621 020e 1E000000 		.4byte	.LVL40
 1622 0212 0200     		.2byte	0x2
 1623 0214 30       		.byte	0x30
 1624 0215 9F       		.byte	0x9f
 1625 0216 1E000000 		.4byte	.LVL40
 1626 021a 28000000 		.4byte	.LVL42
 1627 021e 0100     		.2byte	0x1
ARM GAS  C:\Users\PRICHA~1\AppData\Local\Temp\cc2obTlA.s 			page 33


 1628 0220 54       		.byte	0x54
 1629 0221 00000000 		.4byte	0
 1630 0225 00000000 		.4byte	0
 1631              	.LLST14:
 1632 0229 00000000 		.4byte	.LVL43
 1633 022d 05000000 		.4byte	.LVL44-1
 1634 0231 0100     		.2byte	0x1
 1635 0233 50       		.byte	0x50
 1636 0234 05000000 		.4byte	.LVL44-1
 1637 0238 20000000 		.4byte	.LFE40
 1638 023c 0400     		.2byte	0x4
 1639 023e F3       		.byte	0xf3
 1640 023f 01       		.uleb128 0x1
 1641 0240 50       		.byte	0x50
 1642 0241 9F       		.byte	0x9f
 1643 0242 00000000 		.4byte	0
 1644 0246 00000000 		.4byte	0
 1645              	.LLST15:
 1646 024a 06000000 		.4byte	.LVL44
 1647 024e 09000000 		.4byte	.LVL45-1
 1648 0252 0100     		.2byte	0x1
 1649 0254 50       		.byte	0x50
 1650 0255 00000000 		.4byte	0
 1651 0259 00000000 		.4byte	0
 1652              		.section	.debug_aranges,"",%progbits
 1653 0000 5C000000 		.4byte	0x5c
 1654 0004 0200     		.2byte	0x2
 1655 0006 00000000 		.4byte	.Ldebug_info0
 1656 000a 04       		.byte	0x4
 1657 000b 00       		.byte	0
 1658 000c 0000     		.2byte	0
 1659 000e 0000     		.2byte	0
 1660 0010 00000000 		.4byte	.LFB35
 1661 0014 3C000000 		.4byte	.LFE35-.LFB35
 1662 0018 00000000 		.4byte	.LFB33
 1663 001c 18000000 		.4byte	.LFE33-.LFB33
 1664 0020 00000000 		.4byte	.LFB32
 1665 0024 24000000 		.4byte	.LFE32-.LFB32
 1666 0028 00000000 		.4byte	.LFB36
 1667 002c 38000000 		.4byte	.LFE36-.LFB36
 1668 0030 00000000 		.4byte	.LFB34
 1669 0034 1C000000 		.4byte	.LFE34-.LFB34
 1670 0038 00000000 		.4byte	.LFB37
 1671 003c 40000000 		.4byte	.LFE37-.LFB37
 1672 0040 00000000 		.4byte	.LFB38
 1673 0044 18000000 		.4byte	.LFE38-.LFB38
 1674 0048 00000000 		.4byte	.LFB39
 1675 004c 34000000 		.4byte	.LFE39-.LFB39
 1676 0050 00000000 		.4byte	.LFB40
 1677 0054 20000000 		.4byte	.LFE40-.LFB40
 1678 0058 00000000 		.4byte	0
 1679 005c 00000000 		.4byte	0
 1680              		.section	.debug_ranges,"",%progbits
 1681              	.Ldebug_ranges0:
 1682 0000 00000000 		.4byte	.LFB35
 1683 0004 3C000000 		.4byte	.LFE35
 1684 0008 00000000 		.4byte	.LFB33
ARM GAS  C:\Users\PRICHA~1\AppData\Local\Temp\cc2obTlA.s 			page 34


 1685 000c 18000000 		.4byte	.LFE33
 1686 0010 00000000 		.4byte	.LFB32
 1687 0014 24000000 		.4byte	.LFE32
 1688 0018 00000000 		.4byte	.LFB36
 1689 001c 38000000 		.4byte	.LFE36
 1690 0020 00000000 		.4byte	.LFB34
 1691 0024 1C000000 		.4byte	.LFE34
 1692 0028 00000000 		.4byte	.LFB37
 1693 002c 40000000 		.4byte	.LFE37
 1694 0030 00000000 		.4byte	.LFB38
 1695 0034 18000000 		.4byte	.LFE38
 1696 0038 00000000 		.4byte	.LFB39
 1697 003c 34000000 		.4byte	.LFE39
 1698 0040 00000000 		.4byte	.LFB40
 1699 0044 20000000 		.4byte	.LFE40
 1700 0048 00000000 		.4byte	0
 1701 004c 00000000 		.4byte	0
 1702              		.section	.debug_line,"",%progbits
 1703              	.Ldebug_line0:
 1704 0000 2F020000 		.section	.debug_str,"MS",%progbits,1
 1704      02005801 
 1704      00000201 
 1704      FB0E0D00 
 1704      01010101 
 1705              	.LASF44:
 1706 0000 52656164 		.ascii	"ReadData\000"
 1706      44617461 
 1706      00
 1707              	.LASF52:
 1708 0009 496E6974 		.ascii	"Init_INA\000"
 1708      5F494E41 
 1708      00
 1709              	.LASF50:
 1710 0012 494E4132 		.ascii	"INA219.c\000"
 1710      31392E63 
 1710      00
 1711              	.LASF36:
 1712 001b 76616C75 		.ascii	"valueScaled\000"
 1712      65536361 
 1712      6C656400 
 1713              	.LASF45:
 1714 0027 4932435F 		.ascii	"I2C_I2CMasterWriteBuf\000"
 1714      4932434D 
 1714      61737465 
 1714      72577269 
 1714      74654275 
 1715              	.LASF34:
 1716 003d 76616C75 		.ascii	"value\000"
 1716      6500
 1717              	.LASF42:
 1718 0043 696E6132 		.ascii	"ina219_calValue\000"
 1718      31395F63 
 1718      616C5661 
 1718      6C756500 
 1719              	.LASF43:
 1720 0053 696E6132 		.ascii	"ina219_calScale\000"
 1720      31395F63 
ARM GAS  C:\Users\PRICHA~1\AppData\Local\Temp\cc2obTlA.s 			page 35


 1720      616C5363 
 1720      616C6500 
 1721              	.LASF23:
 1722 0063 4932435F 		.ascii	"I2C_INA_SendData\000"
 1722      494E415F 
 1722      53656E64 
 1722      44617461 
 1722      00
 1723              	.LASF29:
 1724 0074 4932435F 		.ascii	"I2C_INA_ReadSequence\000"
 1724      494E415F 
 1724      52656164 
 1724      53657175 
 1724      656E6365 
 1725              	.LASF35:
 1726 0089 67657443 		.ascii	"getCurrent_mA\000"
 1726      75727265 
 1726      6E745F6D 
 1726      4100
 1727              	.LASF30:
 1728 0097 4932435F 		.ascii	"I2C_INA_ReadData\000"
 1728      494E415F 
 1728      52656164 
 1728      44617461 
 1728      00
 1729              	.LASF41:
 1730 00a8 4932435F 		.ascii	"I2C_INA_address\000"
 1730      494E415F 
 1730      61646472 
 1730      65737300 
 1731              	.LASF17:
 1732 00b8 666C6F61 		.ascii	"float\000"
 1732      7400
 1733              	.LASF15:
 1734 00be 75696E74 		.ascii	"uint8\000"
 1734      3800
 1735              	.LASF46:
 1736 00c4 4932435F 		.ascii	"I2C_I2CMasterStatus\000"
 1736      4932434D 
 1736      61737465 
 1736      72537461 
 1736      74757300 
 1737              	.LASF1:
 1738 00d8 756E7369 		.ascii	"unsigned char\000"
 1738      676E6564 
 1738      20636861 
 1738      7200
 1739              	.LASF8:
 1740 00e6 6C6F6E67 		.ascii	"long unsigned int\000"
 1740      20756E73 
 1740      69676E65 
 1740      6420696E 
 1740      7400
 1741              	.LASF33:
 1742 00f8 494E415F 		.ascii	"INA_addr\000"
 1742      61646472 
 1742      00
ARM GAS  C:\Users\PRICHA~1\AppData\Local\Temp\cc2obTlA.s 			page 36


 1743              	.LASF5:
 1744 0101 73686F72 		.ascii	"short unsigned int\000"
 1744      7420756E 
 1744      7369676E 
 1744      65642069 
 1744      6E7400
 1745              	.LASF24:
 1746 0114 64617461 		.ascii	"data1\000"
 1746      3100
 1747              	.LASF39:
 1748 011a 4932435F 		.ascii	"I2C_INA_buff\000"
 1748      494E415F 
 1748      62756666 
 1748      00
 1749              	.LASF28:
 1750 0127 636F6E66 		.ascii	"config\000"
 1750      696700
 1751              	.LASF4:
 1752 012e 5F5F7569 		.ascii	"__uint16_t\000"
 1752      6E743136 
 1752      5F7400
 1753              	.LASF18:
 1754 0139 646F7562 		.ascii	"double\000"
 1754      6C6500
 1755              	.LASF7:
 1756 0140 5F5F7569 		.ascii	"__uint32_t\000"
 1756      6E743332 
 1756      5F7400
 1757              	.LASF40:
 1758 014b 4932435F 		.ascii	"I2C_INA_buffIndex\000"
 1758      494E415F 
 1758      62756666 
 1758      496E6465 
 1758      7800
 1759              	.LASF3:
 1760 015d 5F5F696E 		.ascii	"__int16_t\000"
 1760      7431365F 
 1760      7400
 1761              	.LASF16:
 1762 0167 75696E74 		.ascii	"uint32\000"
 1762      333200
 1763              	.LASF32:
 1764 016e 67657443 		.ascii	"getCurrent_raw\000"
 1764      75727265 
 1764      6E745F72 
 1764      617700
 1765              	.LASF27:
 1766 017d 494E415F 		.ascii	"INA_Addr\000"
 1766      41646472 
 1766      00
 1767              	.LASF11:
 1768 0186 756E7369 		.ascii	"unsigned int\000"
 1768      676E6564 
 1768      20696E74 
 1768      00
 1769              	.LASF10:
 1770 0193 6C6F6E67 		.ascii	"long long unsigned int\000"
ARM GAS  C:\Users\PRICHA~1\AppData\Local\Temp\cc2obTlA.s 			page 37


 1770      206C6F6E 
 1770      6720756E 
 1770      7369676E 
 1770      65642069 
 1771              	.LASF31:
 1772 01aa 72656164 		.ascii	"readreg\000"
 1772      72656700 
 1773              	.LASF12:
 1774 01b2 696E7431 		.ascii	"int16_t\000"
 1774      365F7400 
 1775              	.LASF25:
 1776 01ba 64617461 		.ascii	"data2\000"
 1776      3200
 1777              	.LASF49:
 1778 01c0 474E5520 		.ascii	"GNU C11 5.4.1 20160609 (release) [ARM/embedded-5-br"
 1778      43313120 
 1778      352E342E 
 1778      31203230 
 1778      31363036 
 1779 01f3 616E6368 		.ascii	"anch revision 237715] -mcpu=cortex-m0 -mthumb -g -O"
 1779      20726576 
 1779      6973696F 
 1779      6E203233 
 1779      37373135 
 1780 0226 67202D66 		.ascii	"g -ffunction-sections -ffat-lto-objects\000"
 1780      66756E63 
 1780      74696F6E 
 1780      2D736563 
 1780      74696F6E 
 1781              	.LASF37:
 1782 024e 67657442 		.ascii	"getBusVoltage_raw\000"
 1782      7573566F 
 1782      6C746167 
 1782      655F7261 
 1782      7700
 1783              	.LASF21:
 1784 0260 73697A65 		.ascii	"sizetype\000"
 1784      74797065 
 1784      00
 1785              	.LASF26:
 1786 0269 65727253 		.ascii	"errStatus\000"
 1786      74617475 
 1786      7300
 1787              	.LASF9:
 1788 0273 6C6F6E67 		.ascii	"long long int\000"
 1788      206C6F6E 
 1788      6720696E 
 1788      7400
 1789              	.LASF19:
 1790 0281 63686172 		.ascii	"char\000"
 1790      00
 1791              	.LASF2:
 1792 0286 73686F72 		.ascii	"short int\000"
 1792      7420696E 
 1792      7400
 1793              	.LASF51:
 1794 0290 433A5C55 		.ascii	"C:\\Users\\prichards\\proj\\acsnb-motor-cypress\\Qu"
ARM GAS  C:\Users\PRICHA~1\AppData\Local\Temp\cc2obTlA.s 			page 38


 1794      73657273 
 1794      5C707269 
 1794      63686172 
 1794      64735C70 
 1795 02be 6164456E 		.ascii	"adEncoderRTOS.cydsn\000"
 1795      636F6465 
 1795      7252544F 
 1795      532E6379 
 1795      64736E00 
 1796              	.LASF13:
 1797 02d2 75696E74 		.ascii	"uint16_t\000"
 1797      31365F74 
 1797      00
 1798              	.LASF38:
 1799 02db 67657442 		.ascii	"getBusVoltage_V\000"
 1799      7573566F 
 1799      6C746167 
 1799      655F5600 
 1800              	.LASF14:
 1801 02eb 75696E74 		.ascii	"uint32_t\000"
 1801      33325F74 
 1801      00
 1802              	.LASF6:
 1803 02f4 6C6F6E67 		.ascii	"long int\000"
 1803      20696E74 
 1803      00
 1804              	.LASF20:
 1805 02fd 6C6F6E67 		.ascii	"long double\000"
 1805      20646F75 
 1805      626C6500 
 1806              	.LASF22:
 1807 0309 4932435F 		.ascii	"I2C_INA_SendSequence\000"
 1807      494E415F 
 1807      53656E64 
 1807      53657175 
 1807      656E6365 
 1808              	.LASF0:
 1809 031e 7369676E 		.ascii	"signed char\000"
 1809      65642063 
 1809      68617200 
 1810              	.LASF47:
 1811 032a 4932435F 		.ascii	"I2C_I2CMasterReadBuf\000"
 1811      4932434D 
 1811      61737465 
 1811      72526561 
 1811      64427566 
 1812              	.LASF48:
 1813 033f 43794465 		.ascii	"CyDelay\000"
 1813      6C617900 
 1814              		.ident	"GCC: (GNU Tools for ARM Embedded Processors) 5.4.1 20160609 (release) [ARM/embedded-5-bran
